#
# There is insufficient memory for the Java Runtime Environment to continue.
# Native memory allocation (malloc) failed to allocate 1231488 bytes for Chunk::new
# Possible reasons:
#   The system is out of physical RAM or swap space
#   The process is running with CompressedOops enabled, and the Java Heap may be blocking the growth of the native heap
# Possible solutions:
#   Reduce memory load on the system
#   Increase physical memory or swap space
#   Check if swap backing store is full
#   Decrease Java heap size (-Xmx/-Xms)
#   Decrease number of Java threads
#   Decrease Java thread stack sizes (-Xss)
#   Set larger code cache with -XX:ReservedCodeCacheSize=
#   JVM is running with Unscaled Compressed Oops mode in which the Java heap is
#     placed in the first 4GB address space. The Java Heap base address is the
#     maximum limit for the native heap growth. Please use -XX:HeapBaseMinAddress
#     to set the Java Heap base and to place the Java Heap above 4GB virtual address.
# This output file may be truncated or incomplete.
#
#  Out of Memory Error (arena.cpp:189), pid=4684, tid=7772
#
# JRE version: OpenJDK Runtime Environment (17.0.2+8) (build 17.0.2+8-86)
# Java VM: OpenJDK 64-Bit Server VM (17.0.2+8-86, mixed mode, sharing, tiered, compressed oops, compressed class ptrs, g1 gc, windows-amd64)
# No core dump will be written. Minidumps are not enabled by default on client versions of Windows
#

---------------  S U M M A R Y ------------

Command Line: --add-opens=java.base/java.util=ALL-UNNAMED --add-opens=java.base/java.lang=ALL-UNNAMED --add-opens=java.base/java.lang.invoke=ALL-UNNAMED --add-opens=java.prefs/java.util.prefs=ALL-UNNAMED --add-opens=java.base/java.nio.charset=ALL-UNNAMED --add-opens=java.base/java.net=ALL-UNNAMED --add-opens=java.base/java.util.concurrent.atomic=ALL-UNNAMED -XX:MaxMetaspaceSize=384m -XX:+HeapDumpOnOutOfMemoryError -Xms256m -Xmx512m -Dfile.encoding=windows-1252 -Duser.country=CO -Duser.language=es -Duser.variant -javaagent:C:\Users\Admin\.gradle\wrapper\dists\gradle-8.7-bin\bhs2wmbdwecv87pi65oeuq5iu\gradle-8.7\lib\agents\gradle-instrumentation-agent-8.7.jar org.gradle.launcher.daemon.bootstrap.GradleDaemon 8.7

Host: Intel(R) Core(TM) i7-1065G7 CPU @ 1.30GHz, 8 cores, 23G,  Windows 11 , 64 bit Build 22621 (10.0.22621.4974)
Time: Sat Apr 12 18:01:09 2025 Hora est. Pacífico, Sudamérica elapsed time: 14.001649 seconds (0d 0h 0m 14s)

---------------  T H R E A D  ---------------

Current thread (0x0000020e1f4b4570):  JavaThread "C2 CompilerThread0" daemon [_thread_in_native, id=7772, stack(0x000000384b800000,0x000000384b900000)]


Current CompileTask:
C2:  14001 3926       4       java.util.regex.Pattern::compile (500 bytes)

Stack: [0x000000384b800000,0x000000384b900000]
Native frames: (J=compiled Java code, j=interpreted, Vv=VM code, C=native code)
V  [jvm.dll+0x670baa]
V  [jvm.dll+0x7cfcb4]
V  [jvm.dll+0x7d145e]
V  [jvm.dll+0x7d1ac3]
V  [jvm.dll+0x242bc5]
V  [jvm.dll+0xaa57b]
V  [jvm.dll+0xaab0c]
V  [jvm.dll+0x35fd07]
V  [jvm.dll+0x32a331]
V  [jvm.dll+0x3297da]
V  [jvm.dll+0x215c91]
V  [jvm.dll+0x2150b1]
V  [jvm.dll+0x1a1bbd]
V  [jvm.dll+0x224908]
V  [jvm.dll+0x222a6c]
V  [jvm.dll+0x7859bb]
V  [jvm.dll+0x77ff7a]
V  [jvm.dll+0x66fa35]
C  [ucrtbase.dll+0x29333]
C  [KERNEL32.DLL+0x1259d]
C  [ntdll.dll+0x5af38]


---------------  P R O C E S S  ---------------

Threads class SMR info:
_java_thread_list=0x0000020e23f17230, length=43, elements={
0x0000020e02ce4d30, 0x0000020e1f490660, 0x0000020e1f491210, 0x0000020e1f4ad9a0,
0x0000020e1f4ae360, 0x0000020e1f4b2e30, 0x0000020e1f4b37e0, 0x0000020e1f4b4570,
0x0000020e1f4b5010, 0x0000020e1f4b5a00, 0x0000020e200a17e0, 0x0000020e20193810,
0x0000020e2251f760, 0x0000020e21feda60, 0x0000020e222524d0, 0x0000020e20dff110,
0x0000020e21d735c0, 0x0000020e205f7e90, 0x0000020e203a40a0, 0x0000020e21bfe3d0,
0x0000020e225a1e50, 0x0000020e225a3190, 0x0000020e225a0fe0, 0x0000020e225a27f0,
0x0000020e2259fca0, 0x0000020e225a14b0, 0x0000020e225a2320, 0x0000020e225a0170,
0x0000020e225a0640, 0x0000020e225a0b10, 0x0000020e225a1980, 0x0000020e225a3660,
0x0000020e22292c70, 0x0000020e22293ae0, 0x0000020e222957c0, 0x0000020e22294e20,
0x0000020e222987e0, 0x0000020e222952f0, 0x0000020e22296630, 0x0000020e22293610,
0x0000020e22297970, 0x0000020e22a14ee0, 0x0000020e22a18690
}

Java Threads: ( => current thread )
  0x0000020e02ce4d30 JavaThread "main" [_thread_blocked, id=12212, stack(0x000000384ab00000,0x000000384ac00000)]
  0x0000020e1f490660 JavaThread "Reference Handler" daemon [_thread_blocked, id=17404, stack(0x000000384b200000,0x000000384b300000)]
  0x0000020e1f491210 JavaThread "Finalizer" daemon [_thread_blocked, id=4484, stack(0x000000384b300000,0x000000384b400000)]
  0x0000020e1f4ad9a0 JavaThread "Signal Dispatcher" daemon [_thread_blocked, id=19872, stack(0x000000384b400000,0x000000384b500000)]
  0x0000020e1f4ae360 JavaThread "Attach Listener" daemon [_thread_blocked, id=27420, stack(0x000000384b500000,0x000000384b600000)]
  0x0000020e1f4b2e30 JavaThread "Service Thread" daemon [_thread_blocked, id=1336, stack(0x000000384b600000,0x000000384b700000)]
  0x0000020e1f4b37e0 JavaThread "Monitor Deflation Thread" daemon [_thread_blocked, id=12796, stack(0x000000384b700000,0x000000384b800000)]
=>0x0000020e1f4b4570 JavaThread "C2 CompilerThread0" daemon [_thread_in_native, id=7772, stack(0x000000384b800000,0x000000384b900000)]
  0x0000020e1f4b5010 JavaThread "C1 CompilerThread0" daemon [_thread_blocked, id=20288, stack(0x000000384b900000,0x000000384ba00000)]
  0x0000020e1f4b5a00 JavaThread "Sweeper thread" daemon [_thread_blocked, id=29036, stack(0x000000384ba00000,0x000000384bb00000)]
  0x0000020e200a17e0 JavaThread "Common-Cleaner" daemon [_thread_blocked, id=2160, stack(0x000000384bb00000,0x000000384bc00000)]
  0x0000020e20193810 JavaThread "Notification Thread" daemon [_thread_blocked, id=11668, stack(0x000000384bc00000,0x000000384bd00000)]
  0x0000020e2251f760 JavaThread "Daemon health stats" [_thread_blocked, id=24092, stack(0x000000384c400000,0x000000384c500000)]
  0x0000020e21feda60 JavaThread "Incoming local TCP Connector on port 51678" [_thread_in_native, id=22800, stack(0x000000384be00000,0x000000384bf00000)]
  0x0000020e222524d0 JavaThread "Daemon periodic checks" [_thread_blocked, id=29192, stack(0x000000384c500000,0x000000384c600000)]
  0x0000020e20dff110 JavaThread "Daemon" [_thread_blocked, id=17524, stack(0x000000384c600000,0x000000384c700000)]
  0x0000020e21d735c0 JavaThread "Handler for socket connection from /127.0.0.1:51678 to /127.0.0.1:51679" [_thread_in_native, id=27468, stack(0x000000384c700000,0x000000384c800000)]
  0x0000020e205f7e90 JavaThread "Cancel handler" [_thread_blocked, id=9016, stack(0x000000384c800000,0x000000384c900000)]
  0x0000020e203a40a0 JavaThread "Daemon worker" [_thread_in_vm, id=29340, stack(0x000000384c900000,0x000000384ca00000)]
  0x0000020e21bfe3d0 JavaThread "Asynchronous log dispatcher for DefaultDaemonConnection: socket connection from /127.0.0.1:51678 to /127.0.0.1:51679" [_thread_blocked, id=17904, stack(0x000000384ca00000,0x000000384cb00000)]
  0x0000020e225a1e50 JavaThread "Stdin handler" [_thread_blocked, id=15392, stack(0x000000384cb00000,0x000000384cc00000)]
  0x0000020e225a3190 JavaThread "Daemon client event forwarder" [_thread_blocked, id=17808, stack(0x000000384cc00000,0x000000384cd00000)]
  0x0000020e225a0fe0 JavaThread "Cache worker for journal cache (C:\Users\Admin\.gradle\caches\journal-1)" [_thread_blocked, id=21800, stack(0x000000384cd00000,0x000000384ce00000)]
  0x0000020e225a27f0 JavaThread "File lock request listener" [_thread_in_native, id=15668, stack(0x000000384ce00000,0x000000384cf00000)]
  0x0000020e2259fca0 JavaThread "Cache worker for file hash cache (C:\Users\Admin\.gradle\caches\8.7\fileHashes)" [_thread_blocked, id=28224, stack(0x000000384cf00000,0x000000384d000000)]
  0x0000020e225a14b0 JavaThread "File lock release action executor" [_thread_blocked, id=12300, stack(0x000000384d000000,0x000000384d100000)]
  0x0000020e225a2320 JavaThread "Cache worker for file hash cache (C:\Users\Admin\Documents\My Projects\java\Master Microservices with SpringBoot,Docker,Kubernetes\season 17\accounts\.gradle\8.7\fileHashes)" [_thread_blocked, id=3928, stack(0x000000384d200000,0x000000384d300000)]
  0x0000020e225a0170 JavaThread "File watcher server" daemon [_thread_in_native, id=21636, stack(0x000000384d100000,0x000000384d200000)]
  0x0000020e225a0640 JavaThread "File watcher consumer" daemon [_thread_blocked, id=3808, stack(0x000000384d500000,0x000000384d600000)]
  0x0000020e225a0b10 JavaThread "jar transforms" [_thread_blocked, id=25320, stack(0x000000384d700000,0x000000384d800000)]
  0x0000020e225a1980 JavaThread "jar transforms Thread 2" [_thread_blocked, id=26524, stack(0x000000384d800000,0x000000384d900000)]
  0x0000020e225a3660 JavaThread "jar transforms Thread 3" [_thread_blocked, id=16980, stack(0x000000384d900000,0x000000384da00000)]
  0x0000020e22292c70 JavaThread "jar transforms Thread 4" [_thread_blocked, id=13512, stack(0x000000384da00000,0x000000384db00000)]
  0x0000020e22293ae0 JavaThread "jar transforms Thread 5" [_thread_blocked, id=20656, stack(0x000000384db00000,0x000000384dc00000)]
  0x0000020e222957c0 JavaThread "jar transforms Thread 6" [_thread_blocked, id=9924, stack(0x000000384dc00000,0x000000384dd00000)]
  0x0000020e22294e20 JavaThread "jar transforms Thread 7" [_thread_blocked, id=9276, stack(0x000000384dd00000,0x000000384de00000)]
  0x0000020e222987e0 JavaThread "jar transforms Thread 8" [_thread_blocked, id=1068, stack(0x000000384de00000,0x000000384df00000)]
  0x0000020e222952f0 JavaThread "Cache worker for checksums cache (C:\Users\Admin\Documents\My Projects\java\Master Microservices with SpringBoot,Docker,Kubernetes\season 17\accounts\.gradle\8.7\checksums)" [_thread_blocked, id=26384, stack(0x000000384e100000,0x000000384e200000)]
  0x0000020e22296630 JavaThread "Cache worker for cache directory md-supplier (C:\Users\Admin\.gradle\caches\8.7\md-supplier)" [_thread_blocked, id=21356, stack(0x000000384e200000,0x000000384e300000)]
  0x0000020e22293610 JavaThread "Cache worker for cache directory md-rule (C:\Users\Admin\.gradle\caches\8.7\md-rule)" [_thread_blocked, id=20912, stack(0x000000384df00000,0x000000384e000000)]
  0x0000020e22297970 JavaThread "Cache worker for file content cache (C:\Users\Admin\.gradle\caches\8.7\fileContent)" [_thread_blocked, id=11824, stack(0x000000384e300000,0x000000384e400000)]
  0x0000020e22a14ee0 JavaThread "C2 CompilerThread1" daemon [_thread_in_native, id=28456, stack(0x000000384e000000,0x000000384e100000)]
  0x0000020e22a18690 JavaThread "C2 CompilerThread2" daemon [_thread_in_native, id=26700, stack(0x000000384e400000,0x000000384e500000)]

Other Threads:
  0x0000020e1f48b470 VMThread "VM Thread" [stack: 0x000000384b100000,0x000000384b200000] [id=26676]
  0x0000020e02ce5ba0 WatcherThread [stack: 0x000000384bd00000,0x000000384be00000] [id=5656]
  0x0000020e02d0dba0 GCTaskThread "GC Thread#0" [stack: 0x000000384ac00000,0x000000384ad00000] [id=25628]
  0x0000020e21135b70 GCTaskThread "GC Thread#1" [stack: 0x000000384bf00000,0x000000384c000000] [id=12260]
  0x0000020e20d2fc60 GCTaskThread "GC Thread#2" [stack: 0x000000384c000000,0x000000384c100000] [id=26980]
  0x0000020e20d2ff10 GCTaskThread "GC Thread#3" [stack: 0x000000384c100000,0x000000384c200000] [id=11128]
  0x0000020e20d301c0 GCTaskThread "GC Thread#4" [stack: 0x000000384c200000,0x000000384c300000] [id=4100]
  0x0000020e20d30470 GCTaskThread "GC Thread#5" [stack: 0x000000384c300000,0x000000384c400000] [id=22668]
  0x0000020e212f9250 GCTaskThread "GC Thread#6" [stack: 0x000000384d300000,0x000000384d400000] [id=7172]
  0x0000020e212f84e0 GCTaskThread "GC Thread#7" [stack: 0x000000384d400000,0x000000384d500000] [id=28632]
  0x0000020e02d12ae0 ConcurrentGCThread "G1 Main Marker" [stack: 0x000000384ad00000,0x000000384ae00000] [id=28804]
  0x0000020e02d134f0 ConcurrentGCThread "G1 Conc#0" [stack: 0x000000384ae00000,0x000000384af00000] [id=9592]
  0x0000020e212f97b0 ConcurrentGCThread "G1 Conc#1" [stack: 0x000000384d600000,0x000000384d700000] [id=12324]
  0x0000020e02dae520 ConcurrentGCThread "G1 Refine#0" [stack: 0x000000384af00000,0x000000384b000000] [id=20304]
  0x0000020e1f3524d0 ConcurrentGCThread "G1 Service" [stack: 0x000000384b000000,0x000000384b100000] [id=4356]

Threads with active compile tasks:
C2 CompilerThread0    14041 3926       4       java.util.regex.Pattern::compile (500 bytes)
C2 CompilerThread1    14041 3924       4       java.lang.String::split (327 bytes)
C2 CompilerThread2    14041 3933       4       java.util.regex.Pattern::split (288 bytes)

VM state: not at safepoint (normal execution)

VM Mutex/Monitor currently owned by a thread: None

Heap address: 0x00000000e0000000, size: 512 MB, Compressed Oops mode: 32-bit

CDS archive(s) mapped at: [0x0000000800000000-0x0000000800bc0000-0x0000000800bc0000), size 12320768, SharedBaseAddress: 0x0000000800000000, ArchiveRelocationMode: 0.
Compressed class space mapped at: 0x0000000800c00000-0x0000000814000000, reserved size: 322961408
Narrow klass base: 0x0000000800000000, Narrow klass shift: 0, Narrow klass range: 0x100000000

GC Precious Log:
 CPUs: 8 total, 8 available
 Memory: 24343M
 Large Page Support: Disabled
 NUMA Support: Disabled
 Compressed Oops: Enabled (32-bit)
 Heap Region Size: 1M
 Heap Min Capacity: 256M
 Heap Initial Capacity: 256M
 Heap Max Capacity: 512M
 Pre-touch: Disabled
 Parallel Workers: 8
 Concurrent Workers: 2
 Concurrent Refinement Workers: 8
 Periodic GC: Disabled

Heap:
 garbage-first heap   total 262144K, used 139136K [0x00000000e0000000, 0x0000000100000000)
  region size 1024K, 108 young (110592K), 1 survivors (1024K)
 Metaspace       used 34030K, committed 34432K, reserved 348160K
  class space    used 4858K, committed 5056K, reserved 315392K

Heap Regions: E=young(eden), S=young(survivor), O=old, HS=humongous(starts), HC=humongous(continues), CS=collection set, F=free, OA=open archive, CA=closed archive, TAMS=top-at-mark-start (previous, next)
|   0|0x00000000e0000000, 0x00000000e0100000, 0x00000000e0100000|100%|HS|  |TAMS 0x00000000e0100000, 0x00000000e0000000| Complete 
|   1|0x00000000e0100000, 0x00000000e0200000, 0x00000000e0200000|100%|HC|  |TAMS 0x00000000e0200000, 0x00000000e0100000| Complete 
|   2|0x00000000e0200000, 0x00000000e0300000, 0x00000000e0300000|100%|HC|  |TAMS 0x00000000e0300000, 0x00000000e0200000| Complete 
|   3|0x00000000e0300000, 0x00000000e0400000, 0x00000000e0400000|100%|HC|  |TAMS 0x00000000e0400000, 0x00000000e0300000| Complete 
|   4|0x00000000e0400000, 0x00000000e0500000, 0x00000000e0500000|100%| O|  |TAMS 0x00000000e0500000, 0x00000000e0400000| Untracked 
|   5|0x00000000e0500000, 0x00000000e0600000, 0x00000000e0600000|100%| O|  |TAMS 0x00000000e0600000, 0x00000000e0500000| Untracked 
|   6|0x00000000e0600000, 0x00000000e0700000, 0x00000000e0700000|100%| O|  |TAMS 0x00000000e0700000, 0x00000000e0600000| Untracked 
|   7|0x00000000e0700000, 0x00000000e0800000, 0x00000000e0800000|100%| O|  |TAMS 0x00000000e0800000, 0x00000000e0700000| Untracked 
|   8|0x00000000e0800000, 0x00000000e0900000, 0x00000000e0900000|100%| O|  |TAMS 0x00000000e0900000, 0x00000000e0800000| Untracked 
|   9|0x00000000e0900000, 0x00000000e0a00000, 0x00000000e0a00000|100%| O|  |TAMS 0x00000000e0a00000, 0x00000000e0900000| Untracked 
|  10|0x00000000e0a00000, 0x00000000e0b00000, 0x00000000e0b00000|100%| O|  |TAMS 0x00000000e0a40c00, 0x00000000e0a00000| Untracked 
|  11|0x00000000e0b00000, 0x00000000e0c00000, 0x00000000e0c00000|100%| O|  |TAMS 0x00000000e0b00000, 0x00000000e0b00000| Untracked 
|  12|0x00000000e0c00000, 0x00000000e0d00000, 0x00000000e0d00000|100%| O|  |TAMS 0x00000000e0c00000, 0x00000000e0c00000| Untracked 
|  13|0x00000000e0d00000, 0x00000000e0e00000, 0x00000000e0e00000|100%| O|  |TAMS 0x00000000e0d00000, 0x00000000e0d00000| Untracked 
|  14|0x00000000e0e00000, 0x00000000e0f00000, 0x00000000e0f00000|100%| O|  |TAMS 0x00000000e0e00000, 0x00000000e0e00000| Untracked 
|  15|0x00000000e0f00000, 0x00000000e1000000, 0x00000000e1000000|100%| O|  |TAMS 0x00000000e0f00000, 0x00000000e0f00000| Untracked 
|  16|0x00000000e1000000, 0x00000000e1100000, 0x00000000e1100000|100%| O|  |TAMS 0x00000000e1000000, 0x00000000e1000000| Untracked 
|  17|0x00000000e1100000, 0x00000000e1200000, 0x00000000e1200000|100%| O|  |TAMS 0x00000000e1100000, 0x00000000e1100000| Untracked 
|  18|0x00000000e1200000, 0x00000000e1300000, 0x00000000e1300000|100%| O|  |TAMS 0x00000000e1200000, 0x00000000e1200000| Untracked 
|  19|0x00000000e1300000, 0x00000000e1400000, 0x00000000e1400000|100%| O|  |TAMS 0x00000000e1300000, 0x00000000e1300000| Untracked 
|  20|0x00000000e1400000, 0x00000000e1500000, 0x00000000e1500000|100%| O|  |TAMS 0x00000000e1400000, 0x00000000e1400000| Untracked 
|  21|0x00000000e1500000, 0x00000000e15e0000, 0x00000000e1600000| 87%| O|  |TAMS 0x00000000e1500000, 0x00000000e1500000| Untracked 
|  22|0x00000000e1600000, 0x00000000e1700000, 0x00000000e1700000|100%|HS|  |TAMS 0x00000000e1600000, 0x00000000e1600000| Complete 
|  23|0x00000000e1700000, 0x00000000e1800000, 0x00000000e1800000|100%|HC|  |TAMS 0x00000000e1700000, 0x00000000e1700000| Complete 
|  24|0x00000000e1800000, 0x00000000e1900000, 0x00000000e1900000|100%|HC|  |TAMS 0x00000000e1800000, 0x00000000e1800000| Complete 
|  25|0x00000000e1900000, 0x00000000e1a00000, 0x00000000e1a00000|100%|HC|  |TAMS 0x00000000e1900000, 0x00000000e1900000| Complete 
|  26|0x00000000e1a00000, 0x00000000e1b00000, 0x00000000e1b00000|100%|HC|  |TAMS 0x00000000e1a00000, 0x00000000e1a00000| Complete 
|  27|0x00000000e1b00000, 0x00000000e1c00000, 0x00000000e1c00000|100%|HS|  |TAMS 0x00000000e1b00000, 0x00000000e1b00000| Complete 
|  28|0x00000000e1c00000, 0x00000000e1d00000, 0x00000000e1d00000|100%|HC|  |TAMS 0x00000000e1c00000, 0x00000000e1c00000| Complete 
|  29|0x00000000e1d00000, 0x00000000e1e00000, 0x00000000e1e00000|100%|HC|  |TAMS 0x00000000e1d00000, 0x00000000e1d00000| Complete 
|  30|0x00000000e1e00000, 0x00000000e1e00000, 0x00000000e1f00000|  0%| F|  |TAMS 0x00000000e1e00000, 0x00000000e1e00000| Untracked 
|  31|0x00000000e1f00000, 0x00000000e1f00000, 0x00000000e2000000|  0%| F|  |TAMS 0x00000000e1f00000, 0x00000000e1f00000| Untracked 
|  32|0x00000000e2000000, 0x00000000e2000000, 0x00000000e2100000|  0%| F|  |TAMS 0x00000000e2000000, 0x00000000e2000000| Untracked 
|  33|0x00000000e2100000, 0x00000000e2100000, 0x00000000e2200000|  0%| F|  |TAMS 0x00000000e2100000, 0x00000000e2100000| Untracked 
|  34|0x00000000e2200000, 0x00000000e2200000, 0x00000000e2300000|  0%| F|  |TAMS 0x00000000e2200000, 0x00000000e2200000| Untracked 
|  35|0x00000000e2300000, 0x00000000e2300000, 0x00000000e2400000|  0%| F|  |TAMS 0x00000000e2300000, 0x00000000e2300000| Untracked 
|  36|0x00000000e2400000, 0x00000000e2400000, 0x00000000e2500000|  0%| F|  |TAMS 0x00000000e2400000, 0x00000000e2400000| Untracked 
|  37|0x00000000e2500000, 0x00000000e2500000, 0x00000000e2600000|  0%| F|  |TAMS 0x00000000e2500000, 0x00000000e2500000| Untracked 
|  38|0x00000000e2600000, 0x00000000e2600000, 0x00000000e2700000|  0%| F|  |TAMS 0x00000000e2600000, 0x00000000e2600000| Untracked 
|  39|0x00000000e2700000, 0x00000000e2700000, 0x00000000e2800000|  0%| F|  |TAMS 0x00000000e2700000, 0x00000000e2700000| Untracked 
|  40|0x00000000e2800000, 0x00000000e2800000, 0x00000000e2900000|  0%| F|  |TAMS 0x00000000e2800000, 0x00000000e2800000| Untracked 
|  41|0x00000000e2900000, 0x00000000e2900000, 0x00000000e2a00000|  0%| F|  |TAMS 0x00000000e2900000, 0x00000000e2900000| Untracked 
|  42|0x00000000e2a00000, 0x00000000e2a00000, 0x00000000e2b00000|  0%| F|  |TAMS 0x00000000e2a00000, 0x00000000e2a00000| Untracked 
|  43|0x00000000e2b00000, 0x00000000e2b00000, 0x00000000e2c00000|  0%| F|  |TAMS 0x00000000e2b00000, 0x00000000e2b00000| Untracked 
|  44|0x00000000e2c00000, 0x00000000e2c00000, 0x00000000e2d00000|  0%| F|  |TAMS 0x00000000e2c00000, 0x00000000e2c00000| Untracked 
|  45|0x00000000e2d00000, 0x00000000e2d00000, 0x00000000e2e00000|  0%| F|  |TAMS 0x00000000e2d00000, 0x00000000e2d00000| Untracked 
|  46|0x00000000e2e00000, 0x00000000e2e00000, 0x00000000e2f00000|  0%| F|  |TAMS 0x00000000e2e00000, 0x00000000e2e00000| Untracked 
|  47|0x00000000e2f00000, 0x00000000e2f00000, 0x00000000e3000000|  0%| F|  |TAMS 0x00000000e2f00000, 0x00000000e2f00000| Untracked 
|  48|0x00000000e3000000, 0x00000000e3000000, 0x00000000e3100000|  0%| F|  |TAMS 0x00000000e3000000, 0x00000000e3000000| Untracked 
|  49|0x00000000e3100000, 0x00000000e3100000, 0x00000000e3200000|  0%| F|  |TAMS 0x00000000e3100000, 0x00000000e3100000| Untracked 
|  50|0x00000000e3200000, 0x00000000e3200000, 0x00000000e3300000|  0%| F|  |TAMS 0x00000000e3200000, 0x00000000e3200000| Untracked 
|  51|0x00000000e3300000, 0x00000000e3300000, 0x00000000e3400000|  0%| F|  |TAMS 0x00000000e3300000, 0x00000000e3300000| Untracked 
|  52|0x00000000e3400000, 0x00000000e3400000, 0x00000000e3500000|  0%| F|  |TAMS 0x00000000e3400000, 0x00000000e3400000| Untracked 
|  53|0x00000000e3500000, 0x00000000e3500000, 0x00000000e3600000|  0%| F|  |TAMS 0x00000000e3500000, 0x00000000e3500000| Untracked 
|  54|0x00000000e3600000, 0x00000000e3600000, 0x00000000e3700000|  0%| F|  |TAMS 0x00000000e3600000, 0x00000000e3600000| Untracked 
|  55|0x00000000e3700000, 0x00000000e3700000, 0x00000000e3800000|  0%| F|  |TAMS 0x00000000e3700000, 0x00000000e3700000| Untracked 
|  56|0x00000000e3800000, 0x00000000e3800000, 0x00000000e3900000|  0%| F|  |TAMS 0x00000000e3800000, 0x00000000e3800000| Untracked 
|  57|0x00000000e3900000, 0x00000000e3900000, 0x00000000e3a00000|  0%| F|  |TAMS 0x00000000e3900000, 0x00000000e3900000| Untracked 
|  58|0x00000000e3a00000, 0x00000000e3a00000, 0x00000000e3b00000|  0%| F|  |TAMS 0x00000000e3a00000, 0x00000000e3a00000| Untracked 
|  59|0x00000000e3b00000, 0x00000000e3b00000, 0x00000000e3c00000|  0%| F|  |TAMS 0x00000000e3b00000, 0x00000000e3b00000| Untracked 
|  60|0x00000000e3c00000, 0x00000000e3c00000, 0x00000000e3d00000|  0%| F|  |TAMS 0x00000000e3c00000, 0x00000000e3c00000| Untracked 
|  61|0x00000000e3d00000, 0x00000000e3d00000, 0x00000000e3e00000|  0%| F|  |TAMS 0x00000000e3d00000, 0x00000000e3d00000| Untracked 
|  62|0x00000000e3e00000, 0x00000000e3e00000, 0x00000000e3f00000|  0%| F|  |TAMS 0x00000000e3e00000, 0x00000000e3e00000| Untracked 
|  63|0x00000000e3f00000, 0x00000000e3f00000, 0x00000000e4000000|  0%| F|  |TAMS 0x00000000e3f00000, 0x00000000e3f00000| Untracked 
|  64|0x00000000e4000000, 0x00000000e4000000, 0x00000000e4100000|  0%| F|  |TAMS 0x00000000e4000000, 0x00000000e4000000| Untracked 
|  65|0x00000000e4100000, 0x00000000e4100000, 0x00000000e4200000|  0%| F|  |TAMS 0x00000000e4100000, 0x00000000e4100000| Untracked 
|  66|0x00000000e4200000, 0x00000000e4200000, 0x00000000e4300000|  0%| F|  |TAMS 0x00000000e4200000, 0x00000000e4200000| Untracked 
|  67|0x00000000e4300000, 0x00000000e4300000, 0x00000000e4400000|  0%| F|  |TAMS 0x00000000e4300000, 0x00000000e4300000| Untracked 
|  68|0x00000000e4400000, 0x00000000e4400000, 0x00000000e4500000|  0%| F|  |TAMS 0x00000000e4400000, 0x00000000e4400000| Untracked 
|  69|0x00000000e4500000, 0x00000000e4500000, 0x00000000e4600000|  0%| F|  |TAMS 0x00000000e4500000, 0x00000000e4500000| Untracked 
|  70|0x00000000e4600000, 0x00000000e4600000, 0x00000000e4700000|  0%| F|  |TAMS 0x00000000e4600000, 0x00000000e4600000| Untracked 
|  71|0x00000000e4700000, 0x00000000e4700000, 0x00000000e4800000|  0%| F|  |TAMS 0x00000000e4700000, 0x00000000e4700000| Untracked 
|  72|0x00000000e4800000, 0x00000000e4800000, 0x00000000e4900000|  0%| F|  |TAMS 0x00000000e4800000, 0x00000000e4800000| Untracked 
|  73|0x00000000e4900000, 0x00000000e4900000, 0x00000000e4a00000|  0%| F|  |TAMS 0x00000000e4900000, 0x00000000e4900000| Untracked 
|  74|0x00000000e4a00000, 0x00000000e4a00000, 0x00000000e4b00000|  0%| F|  |TAMS 0x00000000e4a00000, 0x00000000e4a00000| Untracked 
|  75|0x00000000e4b00000, 0x00000000e4b00000, 0x00000000e4c00000|  0%| F|  |TAMS 0x00000000e4b00000, 0x00000000e4b00000| Untracked 
|  76|0x00000000e4c00000, 0x00000000e4c00000, 0x00000000e4d00000|  0%| F|  |TAMS 0x00000000e4c00000, 0x00000000e4c00000| Untracked 
|  77|0x00000000e4d00000, 0x00000000e4d00000, 0x00000000e4e00000|  0%| F|  |TAMS 0x00000000e4d00000, 0x00000000e4d00000| Untracked 
|  78|0x00000000e4e00000, 0x00000000e4e00000, 0x00000000e4f00000|  0%| F|  |TAMS 0x00000000e4e00000, 0x00000000e4e00000| Untracked 
|  79|0x00000000e4f00000, 0x00000000e4f00000, 0x00000000e5000000|  0%| F|  |TAMS 0x00000000e4f00000, 0x00000000e4f00000| Untracked 
|  80|0x00000000e5000000, 0x00000000e5000000, 0x00000000e5100000|  0%| F|  |TAMS 0x00000000e5000000, 0x00000000e5000000| Untracked 
|  81|0x00000000e5100000, 0x00000000e5100000, 0x00000000e5200000|  0%| F|  |TAMS 0x00000000e5100000, 0x00000000e5100000| Untracked 
|  82|0x00000000e5200000, 0x00000000e5200000, 0x00000000e5300000|  0%| F|  |TAMS 0x00000000e5200000, 0x00000000e5200000| Untracked 
|  83|0x00000000e5300000, 0x00000000e5300000, 0x00000000e5400000|  0%| F|  |TAMS 0x00000000e5300000, 0x00000000e5300000| Untracked 
|  84|0x00000000e5400000, 0x00000000e5400000, 0x00000000e5500000|  0%| F|  |TAMS 0x00000000e5400000, 0x00000000e5400000| Untracked 
|  85|0x00000000e5500000, 0x00000000e5500000, 0x00000000e5600000|  0%| F|  |TAMS 0x00000000e5500000, 0x00000000e5500000| Untracked 
|  86|0x00000000e5600000, 0x00000000e5600000, 0x00000000e5700000|  0%| F|  |TAMS 0x00000000e5600000, 0x00000000e5600000| Untracked 
|  87|0x00000000e5700000, 0x00000000e5700000, 0x00000000e5800000|  0%| F|  |TAMS 0x00000000e5700000, 0x00000000e5700000| Untracked 
|  88|0x00000000e5800000, 0x00000000e5800000, 0x00000000e5900000|  0%| F|  |TAMS 0x00000000e5800000, 0x00000000e5800000| Untracked 
|  89|0x00000000e5900000, 0x00000000e5900000, 0x00000000e5a00000|  0%| F|  |TAMS 0x00000000e5900000, 0x00000000e5900000| Untracked 
|  90|0x00000000e5a00000, 0x00000000e5a00000, 0x00000000e5b00000|  0%| F|  |TAMS 0x00000000e5a00000, 0x00000000e5a00000| Untracked 
|  91|0x00000000e5b00000, 0x00000000e5b00000, 0x00000000e5c00000|  0%| F|  |TAMS 0x00000000e5b00000, 0x00000000e5b00000| Untracked 
|  92|0x00000000e5c00000, 0x00000000e5c00000, 0x00000000e5d00000|  0%| F|  |TAMS 0x00000000e5c00000, 0x00000000e5c00000| Untracked 
|  93|0x00000000e5d00000, 0x00000000e5d00000, 0x00000000e5e00000|  0%| F|  |TAMS 0x00000000e5d00000, 0x00000000e5d00000| Untracked 
|  94|0x00000000e5e00000, 0x00000000e5e00000, 0x00000000e5f00000|  0%| F|  |TAMS 0x00000000e5e00000, 0x00000000e5e00000| Untracked 
|  95|0x00000000e5f00000, 0x00000000e5f00000, 0x00000000e6000000|  0%| F|  |TAMS 0x00000000e5f00000, 0x00000000e5f00000| Untracked 
|  96|0x00000000e6000000, 0x00000000e6000000, 0x00000000e6100000|  0%| F|  |TAMS 0x00000000e6000000, 0x00000000e6000000| Untracked 
|  97|0x00000000e6100000, 0x00000000e6100000, 0x00000000e6200000|  0%| F|  |TAMS 0x00000000e6100000, 0x00000000e6100000| Untracked 
|  98|0x00000000e6200000, 0x00000000e6200000, 0x00000000e6300000|  0%| F|  |TAMS 0x00000000e6200000, 0x00000000e6200000| Untracked 
|  99|0x00000000e6300000, 0x00000000e6300000, 0x00000000e6400000|  0%| F|  |TAMS 0x00000000e6300000, 0x00000000e6300000| Untracked 
| 100|0x00000000e6400000, 0x00000000e6400000, 0x00000000e6500000|  0%| F|  |TAMS 0x00000000e6400000, 0x00000000e6400000| Untracked 
| 101|0x00000000e6500000, 0x00000000e6500000, 0x00000000e6600000|  0%| F|  |TAMS 0x00000000e6500000, 0x00000000e6500000| Untracked 
| 102|0x00000000e6600000, 0x00000000e6600000, 0x00000000e6700000|  0%| F|  |TAMS 0x00000000e6600000, 0x00000000e6600000| Untracked 
| 103|0x00000000e6700000, 0x00000000e6700000, 0x00000000e6800000|  0%| F|  |TAMS 0x00000000e6700000, 0x00000000e6700000| Untracked 
| 104|0x00000000e6800000, 0x00000000e6800000, 0x00000000e6900000|  0%| F|  |TAMS 0x00000000e6800000, 0x00000000e6800000| Untracked 
| 105|0x00000000e6900000, 0x00000000e6900000, 0x00000000e6a00000|  0%| F|  |TAMS 0x00000000e6900000, 0x00000000e6900000| Untracked 
| 106|0x00000000e6a00000, 0x00000000e6a00000, 0x00000000e6b00000|  0%| F|  |TAMS 0x00000000e6a00000, 0x00000000e6a00000| Untracked 
| 107|0x00000000e6b00000, 0x00000000e6b00000, 0x00000000e6c00000|  0%| F|  |TAMS 0x00000000e6b00000, 0x00000000e6b00000| Untracked 
| 108|0x00000000e6c00000, 0x00000000e6c00000, 0x00000000e6d00000|  0%| F|  |TAMS 0x00000000e6c00000, 0x00000000e6c00000| Untracked 
| 109|0x00000000e6d00000, 0x00000000e6d00000, 0x00000000e6e00000|  0%| F|  |TAMS 0x00000000e6d00000, 0x00000000e6d00000| Untracked 
| 110|0x00000000e6e00000, 0x00000000e6e00000, 0x00000000e6f00000|  0%| F|  |TAMS 0x00000000e6e00000, 0x00000000e6e00000| Untracked 
| 111|0x00000000e6f00000, 0x00000000e6f00000, 0x00000000e7000000|  0%| F|  |TAMS 0x00000000e6f00000, 0x00000000e6f00000| Untracked 
| 112|0x00000000e7000000, 0x00000000e7000000, 0x00000000e7100000|  0%| F|  |TAMS 0x00000000e7000000, 0x00000000e7000000| Untracked 
| 113|0x00000000e7100000, 0x00000000e7100000, 0x00000000e7200000|  0%| F|  |TAMS 0x00000000e7100000, 0x00000000e7100000| Untracked 
| 114|0x00000000e7200000, 0x00000000e7200000, 0x00000000e7300000|  0%| F|  |TAMS 0x00000000e7200000, 0x00000000e7200000| Untracked 
| 115|0x00000000e7300000, 0x00000000e7300000, 0x00000000e7400000|  0%| F|  |TAMS 0x00000000e7300000, 0x00000000e7300000| Untracked 
| 116|0x00000000e7400000, 0x00000000e7400000, 0x00000000e7500000|  0%| F|  |TAMS 0x00000000e7400000, 0x00000000e7400000| Untracked 
| 117|0x00000000e7500000, 0x00000000e7500000, 0x00000000e7600000|  0%| F|  |TAMS 0x00000000e7500000, 0x00000000e7500000| Untracked 
| 118|0x00000000e7600000, 0x00000000e7600000, 0x00000000e7700000|  0%| F|  |TAMS 0x00000000e7600000, 0x00000000e7600000| Untracked 
| 119|0x00000000e7700000, 0x00000000e7700000, 0x00000000e7800000|  0%| F|  |TAMS 0x00000000e7700000, 0x00000000e7700000| Untracked 
| 120|0x00000000e7800000, 0x00000000e7800000, 0x00000000e7900000|  0%| F|  |TAMS 0x00000000e7800000, 0x00000000e7800000| Untracked 
| 121|0x00000000e7900000, 0x00000000e7900000, 0x00000000e7a00000|  0%| F|  |TAMS 0x00000000e7900000, 0x00000000e7900000| Untracked 
| 122|0x00000000e7a00000, 0x00000000e7a00000, 0x00000000e7b00000|  0%| F|  |TAMS 0x00000000e7a00000, 0x00000000e7a00000| Untracked 
| 123|0x00000000e7b00000, 0x00000000e7b00000, 0x00000000e7c00000|  0%| F|  |TAMS 0x00000000e7b00000, 0x00000000e7b00000| Untracked 
| 124|0x00000000e7c00000, 0x00000000e7c00000, 0x00000000e7d00000|  0%| F|  |TAMS 0x00000000e7c00000, 0x00000000e7c00000| Untracked 
| 125|0x00000000e7d00000, 0x00000000e7d00000, 0x00000000e7e00000|  0%| F|  |TAMS 0x00000000e7d00000, 0x00000000e7d00000| Untracked 
| 126|0x00000000e7e00000, 0x00000000e7e00000, 0x00000000e7f00000|  0%| F|  |TAMS 0x00000000e7e00000, 0x00000000e7e00000| Untracked 
| 127|0x00000000e7f00000, 0x00000000e7f00000, 0x00000000e8000000|  0%| F|  |TAMS 0x00000000e7f00000, 0x00000000e7f00000| Untracked 
| 128|0x00000000e8000000, 0x00000000e8000000, 0x00000000e8100000|  0%| F|  |TAMS 0x00000000e8000000, 0x00000000e8000000| Untracked 
| 129|0x00000000e8100000, 0x00000000e8100000, 0x00000000e8200000|  0%| F|  |TAMS 0x00000000e8100000, 0x00000000e8100000| Untracked 
| 130|0x00000000e8200000, 0x00000000e8200000, 0x00000000e8300000|  0%| F|  |TAMS 0x00000000e8200000, 0x00000000e8200000| Untracked 
| 131|0x00000000e8300000, 0x00000000e8300000, 0x00000000e8400000|  0%| F|  |TAMS 0x00000000e8300000, 0x00000000e8300000| Untracked 
| 132|0x00000000e8400000, 0x00000000e8400000, 0x00000000e8500000|  0%| F|  |TAMS 0x00000000e8400000, 0x00000000e8400000| Untracked 
| 133|0x00000000e8500000, 0x00000000e8500000, 0x00000000e8600000|  0%| F|  |TAMS 0x00000000e8500000, 0x00000000e8500000| Untracked 
| 134|0x00000000e8600000, 0x00000000e8600000, 0x00000000e8700000|  0%| F|  |TAMS 0x00000000e8600000, 0x00000000e8600000| Untracked 
| 135|0x00000000e8700000, 0x00000000e8700000, 0x00000000e8800000|  0%| F|  |TAMS 0x00000000e8700000, 0x00000000e8700000| Untracked 
| 136|0x00000000e8800000, 0x00000000e8800000, 0x00000000e8900000|  0%| F|  |TAMS 0x00000000e8800000, 0x00000000e8800000| Untracked 
| 137|0x00000000e8900000, 0x00000000e8900000, 0x00000000e8a00000|  0%| F|  |TAMS 0x00000000e8900000, 0x00000000e8900000| Untracked 
| 138|0x00000000e8a00000, 0x00000000e8a00000, 0x00000000e8b00000|  0%| F|  |TAMS 0x00000000e8a00000, 0x00000000e8a00000| Untracked 
| 139|0x00000000e8b00000, 0x00000000e8b00000, 0x00000000e8c00000|  0%| F|  |TAMS 0x00000000e8b00000, 0x00000000e8b00000| Untracked 
| 140|0x00000000e8c00000, 0x00000000e8c00000, 0x00000000e8d00000|  0%| F|  |TAMS 0x00000000e8c00000, 0x00000000e8c00000| Untracked 
| 141|0x00000000e8d00000, 0x00000000e8d00000, 0x00000000e8e00000|  0%| F|  |TAMS 0x00000000e8d00000, 0x00000000e8d00000| Untracked 
| 142|0x00000000e8e00000, 0x00000000e8e00000, 0x00000000e8f00000|  0%| F|  |TAMS 0x00000000e8e00000, 0x00000000e8e00000| Untracked 
| 143|0x00000000e8f00000, 0x00000000e8f00000, 0x00000000e9000000|  0%| F|  |TAMS 0x00000000e8f00000, 0x00000000e8f00000| Untracked 
| 144|0x00000000e9000000, 0x00000000e9000000, 0x00000000e9100000|  0%| F|  |TAMS 0x00000000e9000000, 0x00000000e9000000| Untracked 
| 145|0x00000000e9100000, 0x00000000e9100000, 0x00000000e9200000|  0%| F|  |TAMS 0x00000000e9100000, 0x00000000e9100000| Untracked 
| 146|0x00000000e9200000, 0x00000000e9200000, 0x00000000e9300000|  0%| F|  |TAMS 0x00000000e9200000, 0x00000000e9200000| Untracked 
| 147|0x00000000e9300000, 0x00000000e9300000, 0x00000000e9400000|  0%| F|  |TAMS 0x00000000e9300000, 0x00000000e9300000| Untracked 
| 148|0x00000000e9400000, 0x00000000e9480800, 0x00000000e9500000| 50%| E|  |TAMS 0x00000000e9400000, 0x00000000e9400000| Complete 
| 149|0x00000000e9500000, 0x00000000e9600000, 0x00000000e9600000|100%| E|CS|TAMS 0x00000000e9500000, 0x00000000e9500000| Complete 
| 150|0x00000000e9600000, 0x00000000e9700000, 0x00000000e9700000|100%| E|CS|TAMS 0x00000000e9600000, 0x00000000e9600000| Complete 
| 151|0x00000000e9700000, 0x00000000e9800000, 0x00000000e9800000|100%| E|CS|TAMS 0x00000000e9700000, 0x00000000e9700000| Complete 
| 152|0x00000000e9800000, 0x00000000e9900000, 0x00000000e9900000|100%| E|CS|TAMS 0x00000000e9800000, 0x00000000e9800000| Complete 
| 153|0x00000000e9900000, 0x00000000e9a00000, 0x00000000e9a00000|100%| E|CS|TAMS 0x00000000e9900000, 0x00000000e9900000| Complete 
| 154|0x00000000e9a00000, 0x00000000e9b00000, 0x00000000e9b00000|100%| E|CS|TAMS 0x00000000e9a00000, 0x00000000e9a00000| Complete 
| 155|0x00000000e9b00000, 0x00000000e9c00000, 0x00000000e9c00000|100%| E|CS|TAMS 0x00000000e9b00000, 0x00000000e9b00000| Complete 
| 156|0x00000000e9c00000, 0x00000000e9d00000, 0x00000000e9d00000|100%| E|CS|TAMS 0x00000000e9c00000, 0x00000000e9c00000| Complete 
| 157|0x00000000e9d00000, 0x00000000e9e00000, 0x00000000e9e00000|100%| E|CS|TAMS 0x00000000e9d00000, 0x00000000e9d00000| Complete 
| 158|0x00000000e9e00000, 0x00000000e9f00000, 0x00000000e9f00000|100%| E|CS|TAMS 0x00000000e9e00000, 0x00000000e9e00000| Complete 
| 159|0x00000000e9f00000, 0x00000000ea000000, 0x00000000ea000000|100%| E|CS|TAMS 0x00000000e9f00000, 0x00000000e9f00000| Complete 
| 160|0x00000000ea000000, 0x00000000ea100000, 0x00000000ea100000|100%| E|CS|TAMS 0x00000000ea000000, 0x00000000ea000000| Complete 
| 161|0x00000000ea100000, 0x00000000ea200000, 0x00000000ea200000|100%| E|CS|TAMS 0x00000000ea100000, 0x00000000ea100000| Complete 
| 162|0x00000000ea200000, 0x00000000ea300000, 0x00000000ea300000|100%| E|CS|TAMS 0x00000000ea200000, 0x00000000ea200000| Complete 
| 163|0x00000000ea300000, 0x00000000ea400000, 0x00000000ea400000|100%| E|CS|TAMS 0x00000000ea300000, 0x00000000ea300000| Complete 
| 164|0x00000000ea400000, 0x00000000ea500000, 0x00000000ea500000|100%| E|CS|TAMS 0x00000000ea400000, 0x00000000ea400000| Complete 
| 165|0x00000000ea500000, 0x00000000ea600000, 0x00000000ea600000|100%| E|CS|TAMS 0x00000000ea500000, 0x00000000ea500000| Complete 
| 166|0x00000000ea600000, 0x00000000ea700000, 0x00000000ea700000|100%| E|CS|TAMS 0x00000000ea600000, 0x00000000ea600000| Complete 
| 167|0x00000000ea700000, 0x00000000ea800000, 0x00000000ea800000|100%| E|CS|TAMS 0x00000000ea700000, 0x00000000ea700000| Complete 
| 168|0x00000000ea800000, 0x00000000ea900000, 0x00000000ea900000|100%| E|CS|TAMS 0x00000000ea800000, 0x00000000ea800000| Complete 
| 169|0x00000000ea900000, 0x00000000eaa00000, 0x00000000eaa00000|100%| E|CS|TAMS 0x00000000ea900000, 0x00000000ea900000| Complete 
| 170|0x00000000eaa00000, 0x00000000eab00000, 0x00000000eab00000|100%| E|  |TAMS 0x00000000eaa00000, 0x00000000eaa00000| Complete 
| 171|0x00000000eab00000, 0x00000000eac00000, 0x00000000eac00000|100%| E|CS|TAMS 0x00000000eab00000, 0x00000000eab00000| Complete 
| 172|0x00000000eac00000, 0x00000000ead00000, 0x00000000ead00000|100%| E|CS|TAMS 0x00000000eac00000, 0x00000000eac00000| Complete 
| 173|0x00000000ead00000, 0x00000000eae00000, 0x00000000eae00000|100%| E|CS|TAMS 0x00000000ead00000, 0x00000000ead00000| Complete 
| 174|0x00000000eae00000, 0x00000000eaf00000, 0x00000000eaf00000|100%| E|CS|TAMS 0x00000000eae00000, 0x00000000eae00000| Complete 
| 175|0x00000000eaf00000, 0x00000000eb000000, 0x00000000eb000000|100%| E|CS|TAMS 0x00000000eaf00000, 0x00000000eaf00000| Complete 
| 176|0x00000000eb000000, 0x00000000eb100000, 0x00000000eb100000|100%| E|CS|TAMS 0x00000000eb000000, 0x00000000eb000000| Complete 
| 177|0x00000000eb100000, 0x00000000eb200000, 0x00000000eb200000|100%| E|CS|TAMS 0x00000000eb100000, 0x00000000eb100000| Complete 
| 178|0x00000000eb200000, 0x00000000eb300000, 0x00000000eb300000|100%| E|CS|TAMS 0x00000000eb200000, 0x00000000eb200000| Complete 
| 179|0x00000000eb300000, 0x00000000eb400000, 0x00000000eb400000|100%| E|CS|TAMS 0x00000000eb300000, 0x00000000eb300000| Complete 
| 180|0x00000000eb400000, 0x00000000eb500000, 0x00000000eb500000|100%| E|CS|TAMS 0x00000000eb400000, 0x00000000eb400000| Complete 
| 181|0x00000000eb500000, 0x00000000eb600000, 0x00000000eb600000|100%| E|CS|TAMS 0x00000000eb500000, 0x00000000eb500000| Complete 
| 182|0x00000000eb600000, 0x00000000eb700000, 0x00000000eb700000|100%| E|CS|TAMS 0x00000000eb600000, 0x00000000eb600000| Complete 
| 183|0x00000000eb700000, 0x00000000eb800000, 0x00000000eb800000|100%| E|CS|TAMS 0x00000000eb700000, 0x00000000eb700000| Complete 
| 184|0x00000000eb800000, 0x00000000eb900000, 0x00000000eb900000|100%| E|CS|TAMS 0x00000000eb800000, 0x00000000eb800000| Complete 
| 185|0x00000000eb900000, 0x00000000eba00000, 0x00000000eba00000|100%| E|CS|TAMS 0x00000000eb900000, 0x00000000eb900000| Complete 
| 186|0x00000000eba00000, 0x00000000ebb00000, 0x00000000ebb00000|100%| E|CS|TAMS 0x00000000eba00000, 0x00000000eba00000| Complete 
| 187|0x00000000ebb00000, 0x00000000ebc00000, 0x00000000ebc00000|100%| E|CS|TAMS 0x00000000ebb00000, 0x00000000ebb00000| Complete 
| 188|0x00000000ebc00000, 0x00000000ebd00000, 0x00000000ebd00000|100%| E|CS|TAMS 0x00000000ebc00000, 0x00000000ebc00000| Complete 
| 189|0x00000000ebd00000, 0x00000000ebe00000, 0x00000000ebe00000|100%| E|CS|TAMS 0x00000000ebd00000, 0x00000000ebd00000| Complete 
| 190|0x00000000ebe00000, 0x00000000ebf00000, 0x00000000ebf00000|100%| E|CS|TAMS 0x00000000ebe00000, 0x00000000ebe00000| Complete 
| 191|0x00000000ebf00000, 0x00000000ec000000, 0x00000000ec000000|100%| E|CS|TAMS 0x00000000ebf00000, 0x00000000ebf00000| Complete 
| 192|0x00000000ec000000, 0x00000000ec100000, 0x00000000ec100000|100%| E|CS|TAMS 0x00000000ec000000, 0x00000000ec000000| Complete 
| 193|0x00000000ec100000, 0x00000000ec200000, 0x00000000ec200000|100%| E|CS|TAMS 0x00000000ec100000, 0x00000000ec100000| Complete 
| 194|0x00000000ec200000, 0x00000000ec300000, 0x00000000ec300000|100%| E|CS|TAMS 0x00000000ec200000, 0x00000000ec200000| Complete 
| 195|0x00000000ec300000, 0x00000000ec400000, 0x00000000ec400000|100%| E|CS|TAMS 0x00000000ec300000, 0x00000000ec300000| Complete 
| 196|0x00000000ec400000, 0x00000000ec500000, 0x00000000ec500000|100%| E|CS|TAMS 0x00000000ec400000, 0x00000000ec400000| Complete 
| 197|0x00000000ec500000, 0x00000000ec600000, 0x00000000ec600000|100%| E|CS|TAMS 0x00000000ec500000, 0x00000000ec500000| Complete 
| 198|0x00000000ec600000, 0x00000000ec700000, 0x00000000ec700000|100%| E|CS|TAMS 0x00000000ec600000, 0x00000000ec600000| Complete 
| 199|0x00000000ec700000, 0x00000000ec800000, 0x00000000ec800000|100%| E|CS|TAMS 0x00000000ec700000, 0x00000000ec700000| Complete 
| 200|0x00000000ec800000, 0x00000000ec900000, 0x00000000ec900000|100%| E|CS|TAMS 0x00000000ec800000, 0x00000000ec800000| Complete 
| 201|0x00000000ec900000, 0x00000000eca00000, 0x00000000eca00000|100%| E|CS|TAMS 0x00000000ec900000, 0x00000000ec900000| Complete 
| 202|0x00000000eca00000, 0x00000000ecb00000, 0x00000000ecb00000|100%| E|CS|TAMS 0x00000000eca00000, 0x00000000eca00000| Complete 
| 203|0x00000000ecb00000, 0x00000000ecc00000, 0x00000000ecc00000|100%| E|CS|TAMS 0x00000000ecb00000, 0x00000000ecb00000| Complete 
| 204|0x00000000ecc00000, 0x00000000ecd00000, 0x00000000ecd00000|100%| E|CS|TAMS 0x00000000ecc00000, 0x00000000ecc00000| Complete 
| 205|0x00000000ecd00000, 0x00000000ece00000, 0x00000000ece00000|100%| E|CS|TAMS 0x00000000ecd00000, 0x00000000ecd00000| Complete 
| 206|0x00000000ece00000, 0x00000000ecf00000, 0x00000000ecf00000|100%| E|CS|TAMS 0x00000000ece00000, 0x00000000ece00000| Complete 
| 207|0x00000000ecf00000, 0x00000000ed000000, 0x00000000ed000000|100%| E|CS|TAMS 0x00000000ecf00000, 0x00000000ecf00000| Complete 
| 208|0x00000000ed000000, 0x00000000ed100000, 0x00000000ed100000|100%| E|CS|TAMS 0x00000000ed000000, 0x00000000ed000000| Complete 
| 209|0x00000000ed100000, 0x00000000ed200000, 0x00000000ed200000|100%| E|CS|TAMS 0x00000000ed100000, 0x00000000ed100000| Complete 
| 210|0x00000000ed200000, 0x00000000ed300000, 0x00000000ed300000|100%| E|CS|TAMS 0x00000000ed200000, 0x00000000ed200000| Complete 
| 211|0x00000000ed300000, 0x00000000ed400000, 0x00000000ed400000|100%| E|CS|TAMS 0x00000000ed300000, 0x00000000ed300000| Complete 
| 212|0x00000000ed400000, 0x00000000ed500000, 0x00000000ed500000|100%| E|CS|TAMS 0x00000000ed400000, 0x00000000ed400000| Complete 
| 213|0x00000000ed500000, 0x00000000ed600000, 0x00000000ed600000|100%| E|CS|TAMS 0x00000000ed500000, 0x00000000ed500000| Complete 
| 214|0x00000000ed600000, 0x00000000ed700000, 0x00000000ed700000|100%| E|CS|TAMS 0x00000000ed600000, 0x00000000ed600000| Complete 
| 215|0x00000000ed700000, 0x00000000ed800000, 0x00000000ed800000|100%| E|CS|TAMS 0x00000000ed700000, 0x00000000ed700000| Complete 
| 216|0x00000000ed800000, 0x00000000ed900000, 0x00000000ed900000|100%| E|CS|TAMS 0x00000000ed800000, 0x00000000ed800000| Complete 
| 217|0x00000000ed900000, 0x00000000eda00000, 0x00000000eda00000|100%| E|CS|TAMS 0x00000000ed900000, 0x00000000ed900000| Complete 
| 218|0x00000000eda00000, 0x00000000edb00000, 0x00000000edb00000|100%| E|CS|TAMS 0x00000000eda00000, 0x00000000eda00000| Complete 
| 219|0x00000000edb00000, 0x00000000edc00000, 0x00000000edc00000|100%| E|CS|TAMS 0x00000000edb00000, 0x00000000edb00000| Complete 
| 220|0x00000000edc00000, 0x00000000edd00000, 0x00000000edd00000|100%| E|CS|TAMS 0x00000000edc00000, 0x00000000edc00000| Complete 
| 221|0x00000000edd00000, 0x00000000ede00000, 0x00000000ede00000|100%| E|CS|TAMS 0x00000000edd00000, 0x00000000edd00000| Complete 
| 222|0x00000000ede00000, 0x00000000edf00000, 0x00000000edf00000|100%| E|CS|TAMS 0x00000000ede00000, 0x00000000ede00000| Complete 
| 223|0x00000000edf00000, 0x00000000ee000000, 0x00000000ee000000|100%| E|CS|TAMS 0x00000000edf00000, 0x00000000edf00000| Complete 
| 224|0x00000000ee000000, 0x00000000ee100000, 0x00000000ee100000|100%| E|CS|TAMS 0x00000000ee000000, 0x00000000ee000000| Complete 
| 225|0x00000000ee100000, 0x00000000ee200000, 0x00000000ee200000|100%| E|CS|TAMS 0x00000000ee100000, 0x00000000ee100000| Complete 
| 226|0x00000000ee200000, 0x00000000ee300000, 0x00000000ee300000|100%| E|CS|TAMS 0x00000000ee200000, 0x00000000ee200000| Complete 
| 227|0x00000000ee300000, 0x00000000ee400000, 0x00000000ee400000|100%| E|CS|TAMS 0x00000000ee300000, 0x00000000ee300000| Complete 
| 228|0x00000000ee400000, 0x00000000ee500000, 0x00000000ee500000|100%| E|CS|TAMS 0x00000000ee400000, 0x00000000ee400000| Complete 
| 229|0x00000000ee500000, 0x00000000ee600000, 0x00000000ee600000|100%| E|CS|TAMS 0x00000000ee500000, 0x00000000ee500000| Complete 
| 230|0x00000000ee600000, 0x00000000ee700000, 0x00000000ee700000|100%| E|CS|TAMS 0x00000000ee600000, 0x00000000ee600000| Complete 
| 231|0x00000000ee700000, 0x00000000ee800000, 0x00000000ee800000|100%| E|CS|TAMS 0x00000000ee700000, 0x00000000ee700000| Complete 
| 232|0x00000000ee800000, 0x00000000ee900000, 0x00000000ee900000|100%| E|CS|TAMS 0x00000000ee800000, 0x00000000ee800000| Complete 
| 233|0x00000000ee900000, 0x00000000eea00000, 0x00000000eea00000|100%| E|CS|TAMS 0x00000000ee900000, 0x00000000ee900000| Complete 
| 234|0x00000000eea00000, 0x00000000eeb00000, 0x00000000eeb00000|100%| E|CS|TAMS 0x00000000eea00000, 0x00000000eea00000| Complete 
| 235|0x00000000eeb00000, 0x00000000eec00000, 0x00000000eec00000|100%| E|CS|TAMS 0x00000000eeb00000, 0x00000000eeb00000| Complete 
| 236|0x00000000eec00000, 0x00000000eed00000, 0x00000000eed00000|100%| E|CS|TAMS 0x00000000eec00000, 0x00000000eec00000| Complete 
| 237|0x00000000eed00000, 0x00000000eee00000, 0x00000000eee00000|100%| E|CS|TAMS 0x00000000eed00000, 0x00000000eed00000| Complete 
| 238|0x00000000eee00000, 0x00000000eef00000, 0x00000000eef00000|100%| E|CS|TAMS 0x00000000eee00000, 0x00000000eee00000| Complete 
| 239|0x00000000eef00000, 0x00000000ef000000, 0x00000000ef000000|100%| E|CS|TAMS 0x00000000eef00000, 0x00000000eef00000| Complete 
| 240|0x00000000ef000000, 0x00000000ef100000, 0x00000000ef100000|100%| E|CS|TAMS 0x00000000ef000000, 0x00000000ef000000| Complete 
| 241|0x00000000ef100000, 0x00000000ef200000, 0x00000000ef200000|100%| E|CS|TAMS 0x00000000ef100000, 0x00000000ef100000| Complete 
| 242|0x00000000ef200000, 0x00000000ef300000, 0x00000000ef300000|100%| E|CS|TAMS 0x00000000ef200000, 0x00000000ef200000| Complete 
| 243|0x00000000ef300000, 0x00000000ef400000, 0x00000000ef400000|100%| E|CS|TAMS 0x00000000ef300000, 0x00000000ef300000| Complete 
| 244|0x00000000ef400000, 0x00000000ef500000, 0x00000000ef500000|100%| E|CS|TAMS 0x00000000ef400000, 0x00000000ef400000| Complete 
| 245|0x00000000ef500000, 0x00000000ef600000, 0x00000000ef600000|100%| E|CS|TAMS 0x00000000ef500000, 0x00000000ef500000| Complete 
| 246|0x00000000ef600000, 0x00000000ef700000, 0x00000000ef700000|100%| S|CS|TAMS 0x00000000ef600000, 0x00000000ef600000| Complete 
| 247|0x00000000ef700000, 0x00000000ef800000, 0x00000000ef800000|100%| E|CS|TAMS 0x00000000ef700000, 0x00000000ef700000| Complete 
| 248|0x00000000ef800000, 0x00000000ef900000, 0x00000000ef900000|100%| E|CS|TAMS 0x00000000ef800000, 0x00000000ef800000| Complete 
| 249|0x00000000ef900000, 0x00000000efa00000, 0x00000000efa00000|100%| E|CS|TAMS 0x00000000ef900000, 0x00000000ef900000| Complete 
| 250|0x00000000efa00000, 0x00000000efb00000, 0x00000000efb00000|100%| E|CS|TAMS 0x00000000efa00000, 0x00000000efa00000| Complete 
| 251|0x00000000efb00000, 0x00000000efc00000, 0x00000000efc00000|100%| E|CS|TAMS 0x00000000efb00000, 0x00000000efb00000| Complete 
| 252|0x00000000efc00000, 0x00000000efd00000, 0x00000000efd00000|100%| E|CS|TAMS 0x00000000efc00000, 0x00000000efc00000| Complete 
| 253|0x00000000efd00000, 0x00000000efe00000, 0x00000000efe00000|100%| E|CS|TAMS 0x00000000efd00000, 0x00000000efd00000| Complete 
| 254|0x00000000efe00000, 0x00000000eff00000, 0x00000000eff00000|100%| E|CS|TAMS 0x00000000efe00000, 0x00000000efe00000| Complete 
| 255|0x00000000eff00000, 0x00000000f0000000, 0x00000000f0000000|100%| E|CS|TAMS 0x00000000eff00000, 0x00000000eff00000| Complete 

Card table byte_map: [0x0000020e1b860000,0x0000020e1b960000] _byte_map_base: 0x0000020e1b160000

Marking Bits (Prev, Next): (CMBitMap*) 0x0000020e02d0e1f0, (CMBitMap*) 0x0000020e02d0e1b0
 Prev Bits: [0x0000020e1c260000, 0x0000020e1ca60000)
 Next Bits: [0x0000020e1ba60000, 0x0000020e1c260000)

Polling page: 0x0000020e02db0000

Metaspace:

Usage:
  Non-class:     28.53 MB used.
      Class:      4.75 MB used.
       Both:     33.28 MB used.

Virtual space:
  Non-class space:       32.00 MB reserved,      28.75 MB ( 90%) committed,  4 nodes.
      Class space:      308.00 MB reserved,       4.94 MB (  2%) committed,  1 nodes.
             Both:      340.00 MB reserved,      33.69 MB ( 10%) committed. 

Chunk freelists:
   Non-Class:  2.67 MB
       Class:  3.06 MB
        Both:  5.73 MB

MaxMetaspaceSize: 384.00 MB
CompressedClassSpaceSize: 308.00 MB
Initial GC threshold: 21.00 MB
Current GC threshold: 35.25 MB
CDS: on
MetaspaceReclaimPolicy: balanced
 - commit_granule_bytes: 65536.
 - commit_granule_words: 8192.
 - virtual_space_node_default_size: 1048576.
 - enlarge_chunks_in_place: 1.
 - new_chunks_are_fully_committed: 0.
 - uncommit_free_chunks: 1.
 - use_allocation_guard: 0.
 - handle_deallocations: 1.


Internal statistics:

num_allocs_failed_limit: 3.
num_arena_births: 400.
num_arena_deaths: 0.
num_vsnodes_births: 5.
num_vsnodes_deaths: 0.
num_space_committed: 539.
num_space_uncommitted: 0.
num_chunks_returned_to_freelist: 3.
num_chunks_taken_from_freelist: 1678.
num_chunk_merges: 3.
num_chunk_splits: 1083.
num_chunks_enlarged: 737.
num_purges: 0.
num_inconsistent_stats: 0.

CodeHeap 'non-profiled nmethods': size=120000Kb used=2286Kb max_used=2286Kb free=117713Kb
 bounds [0x0000020e137c0000, 0x0000020e13a30000, 0x0000020e1acf0000]
CodeHeap 'profiled nmethods': size=120000Kb used=8278Kb max_used=8278Kb free=111721Kb
 bounds [0x0000020e0c290000, 0x0000020e0cab0000, 0x0000020e137c0000]
CodeHeap 'non-nmethods': size=5760Kb used=1601Kb max_used=1624Kb free=4158Kb
 bounds [0x0000020e0bcf0000, 0x0000020e0bf60000, 0x0000020e0c290000]
 total_blobs=4650 nmethods=3996 adapters=565
 compilation: enabled
              stopped_count=0, restarted_count=0
 full_count=0

Compilation events (20 events):
Event: 13.952 Thread 0x0000020e1f4b5010 3976       3       org.codehaus.groovy.runtime.metaclass.MetaMethodIndex::copyNonPrivateNonNewMetaMethods (171 bytes)
Event: 13.954 Thread 0x0000020e1f4b5010 nmethod 3976 0x0000020e0ca83910 code [0x0000020e0ca83ba0, 0x0000020e0ca84b98]
Event: 13.954 Thread 0x0000020e1f4b5010 3977       3       org.codehaus.groovy.runtime.metaclass.MetaMethodIndex::findMatchingMethod (48 bytes)
Event: 13.956 Thread 0x0000020e1f4b5010 nmethod 3977 0x0000020e0ca84f90 code [0x0000020e0ca85160, 0x0000020e0ca85508]
Event: 13.956 Thread 0x0000020e1f4b5010 3975       3       org.codehaus.groovy.util.FastArray::copy (31 bytes)
Event: 13.957 Thread 0x0000020e1f4b5010 nmethod 3975 0x0000020e0ca85690 code [0x0000020e0ca85840, 0x0000020e0ca85c28]
Event: 13.957 Thread 0x0000020e1f4b5010 3979       3       groovy.lang.MetaClassImpl$1::methodNameAction (169 bytes)
Event: 13.961 Thread 0x0000020e1f4b5010 nmethod 3979 0x0000020e0ca85d90 code [0x0000020e0ca86020, 0x0000020e0ca87108]
Event: 13.961 Thread 0x0000020e1f4b5010 3981       3       groovy.lang.MetaClassImpl$1MOPIter::processFastArray (133 bytes)
Event: 13.963 Thread 0x0000020e1f4b5010 nmethod 3981 0x0000020e0ca87510 code [0x0000020e0ca87740, 0x0000020e0ca881d8]
Event: 13.963 Thread 0x0000020e1f4b5010 3980       3       groovy.lang.MetaClassImpl$1MOPIter::decomposeMopName (79 bytes)
Event: 13.964 Thread 0x0000020e1f4b5010 nmethod 3980 0x0000020e0ca88590 code [0x0000020e0ca88860, 0x0000020e0ca89ba8]
Event: 13.964 Thread 0x0000020e1f4b5010 3978       3       org.codehaus.groovy.runtime.metaclass.MetaMethodIndex::isNonRealMethod (48 bytes)
Event: 13.965 Thread 0x0000020e1f4b5010 nmethod 3978 0x0000020e0ca8a090 code [0x0000020e0ca8a260, 0x0000020e0ca8aab8]
Event: 13.965 Thread 0x0000020e1f4b5010 3974       3       org.codehaus.groovy.util.FastArray::<init> (16 bytes)
Event: 13.966 Thread 0x0000020e1f4b5010 nmethod 3974 0x0000020e0ca8ab90 code [0x0000020e0ca8ad20, 0x0000020e0ca8aef8]
Event: 13.993 Thread 0x0000020e1f4b5010 3982       2       jdk.internal.loader.BuiltinClassLoader::loadClassOrNull (7 bytes)
Event: 13.993 Thread 0x0000020e1f4b5010 nmethod 3982 0x0000020e0ca8b010 code [0x0000020e0ca8b1a0, 0x0000020e0ca8b2c8]
Event: 13.996 Thread 0x0000020e1f4b5010 3983       3       java.beans.Introspector::addMethod (196 bytes)
Event: 13.997 Thread 0x0000020e1f4b5010 nmethod 3983 0x0000020e0ca8b390 code [0x0000020e0ca8b620, 0x0000020e0ca8c368]

GC Heap History (8 events):
Event: 3.339 GC heap before
{Heap before GC invocations=0 (full 0):
 garbage-first heap   total 262144K, used 26624K [0x00000000e0000000, 0x0000000100000000)
  region size 1024K, 23 young (23552K), 0 survivors (0K)
 Metaspace       used 3031K, committed 3200K, reserved 323584K
  class space    used 383K, committed 448K, reserved 315392K
}
Event: 3.366 GC heap after
{Heap after GC invocations=1 (full 0):
 garbage-first heap   total 262144K, used 10401K [0x00000000e0000000, 0x0000000100000000)
  region size 1024K, 3 young (3072K), 3 survivors (3072K)
 Metaspace       used 3031K, committed 3200K, reserved 323584K
  class space    used 383K, committed 448K, reserved 315392K
}
Event: 4.437 GC heap before
{Heap before GC invocations=1 (full 0):
 garbage-first heap   total 262144K, used 36001K [0x00000000e0000000, 0x0000000100000000)
  region size 1024K, 28 young (28672K), 3 survivors (3072K)
 Metaspace       used 3986K, committed 4160K, reserved 323584K
  class space    used 489K, committed 576K, reserved 315392K
}
Event: 4.441 GC heap after
{Heap after GC invocations=2 (full 0):
 garbage-first heap   total 262144K, used 11279K [0x00000000e0000000, 0x0000000100000000)
  region size 1024K, 1 young (1024K), 1 survivors (1024K)
 Metaspace       used 3986K, committed 4160K, reserved 323584K
  class space    used 489K, committed 576K, reserved 315392K
}
Event: 9.929 GC heap before
{Heap before GC invocations=2 (full 0):
 garbage-first heap   total 262144K, used 123919K [0x00000000e0000000, 0x0000000100000000)
  region size 1024K, 110 young (112640K), 1 survivors (1024K)
 Metaspace       used 20032K, committed 20352K, reserved 339968K
  class space    used 2916K, committed 3072K, reserved 315392K
}
Event: 9.943 GC heap after
{Heap after GC invocations=3 (full 0):
 garbage-first heap   total 262144K, used 21894K [0x00000000e0000000, 0x0000000100000000)
  region size 1024K, 12 young (12288K), 12 survivors (12288K)
 Metaspace       used 20032K, committed 20352K, reserved 339968K
  class space    used 2916K, committed 3072K, reserved 315392K
}
Event: 10.284 GC heap before
{Heap before GC invocations=3 (full 0):
 garbage-first heap   total 262144K, used 30086K [0x00000000e0000000, 0x0000000100000000)
  region size 1024K, 21 young (21504K), 12 survivors (12288K)
 Metaspace       used 21254K, committed 21504K, reserved 339968K
  class space    used 3123K, committed 3264K, reserved 315392K
}
Event: 10.294 GC heap after
{Heap after GC invocations=4 (full 0):
 garbage-first heap   total 262144K, used 23424K [0x00000000e0000000, 0x0000000100000000)
  region size 1024K, 1 young (1024K), 1 survivors (1024K)
 Metaspace       used 21254K, committed 21504K, reserved 339968K
  class space    used 3123K, committed 3264K, reserved 315392K
}

Deoptimization events (20 events):
Event: 13.077 Thread 0x0000020e203a40a0 Uncommon trap: trap_request=0xffffffc6 fr.pc=0x0000020e13976508 relative=0x00000000000001c8
Event: 13.077 Thread 0x0000020e203a40a0 Uncommon trap: reason=bimorphic_or_optimized_type_check action=maybe_recompile pc=0x0000020e13976508 method=java.util.regex.Pattern$BmpCharProperty.match(Ljava/util/regex/Matcher;ILjava/lang/CharSequence;)Z @ 19 c2
Event: 13.077 Thread 0x0000020e203a40a0 DEOPT PACKING pc=0x0000020e13976508 sp=0x000000384c9f6bb0
Event: 13.077 Thread 0x0000020e203a40a0 DEOPT UNPACKING pc=0x0000020e0bd45c23 sp=0x000000384c9f6b48 mode 2
Event: 13.114 Thread 0x0000020e203a40a0 Uncommon trap: trap_request=0xffffff45 fr.pc=0x0000020e138a59c4 relative=0x0000000000000544
Event: 13.114 Thread 0x0000020e203a40a0 Uncommon trap: reason=unstable_if action=reinterpret pc=0x0000020e138a59c4 method=java.util.Properties$LineReader.readLine()I @ 95 c2
Event: 13.114 Thread 0x0000020e203a40a0 DEOPT PACKING pc=0x0000020e138a59c4 sp=0x000000384c9f6f70
Event: 13.114 Thread 0x0000020e203a40a0 DEOPT UNPACKING pc=0x0000020e0bd45c23 sp=0x000000384c9f6f10 mode 2
Event: 13.311 Thread 0x0000020e203a40a0 Uncommon trap: trap_request=0xffffff45 fr.pc=0x0000020e13898724 relative=0x0000000000000084
Event: 13.311 Thread 0x0000020e203a40a0 Uncommon trap: reason=unstable_if action=reinterpret pc=0x0000020e13898724 method=jdk.internal.loader.URLClassPath$JarLoader.getResource(Ljava/lang/String;ZLjava/util/Set;)Ljdk/internal/loader/Resource; @ 17 c2
Event: 13.311 Thread 0x0000020e203a40a0 DEOPT PACKING pc=0x0000020e13898724 sp=0x000000384c9f5d40
Event: 13.311 Thread 0x0000020e203a40a0 DEOPT UNPACKING pc=0x0000020e0bd45c23 sp=0x000000384c9f5c88 mode 2
Event: 13.493 Thread 0x0000020e203a40a0 Uncommon trap: trap_request=0xffffffc6 fr.pc=0x0000020e139233b0 relative=0x0000000000004190
Event: 13.493 Thread 0x0000020e203a40a0 Uncommon trap: reason=bimorphic_or_optimized_type_check action=maybe_recompile pc=0x0000020e139233b0 method=java.net.URL.<init>(Ljava/net/URL;Ljava/lang/String;Ljava/net/URLStreamHandler;)V @ 504 c2
Event: 13.493 Thread 0x0000020e203a40a0 DEOPT PACKING pc=0x0000020e139233b0 sp=0x000000384c9f66c0
Event: 13.493 Thread 0x0000020e203a40a0 DEOPT UNPACKING pc=0x0000020e0bd45c23 sp=0x000000384c9f6660 mode 2
Event: 13.961 Thread 0x0000020e203a40a0 Uncommon trap: trap_request=0xffffff45 fr.pc=0x0000020e139b00b8 relative=0x0000000000001258
Event: 13.961 Thread 0x0000020e203a40a0 Uncommon trap: reason=unstable_if action=reinterpret pc=0x0000020e139b00b8 method=jdk.internal.loader.BuiltinClassLoader.findLoadedModule(Ljava/lang/String;)Ljdk/internal/loader/BuiltinClassLoader$LoadedModule; @ 8 c2
Event: 13.961 Thread 0x0000020e203a40a0 DEOPT PACKING pc=0x0000020e139b00b8 sp=0x000000384c9f74f0
Event: 13.961 Thread 0x0000020e203a40a0 DEOPT UNPACKING pc=0x0000020e0bd45c23 sp=0x000000384c9f7438 mode 2

Classes unloaded (0 events):
No events

Classes redefined (0 events):
No events

Internal exceptions (20 events):
Event: 12.897 Thread 0x0000020e203a40a0 Exception <a 'java/lang/NoSuchMethodError'{0x00000000ebab8268}: 'int java.lang.invoke.DirectMethodHandle$Holder.invokeStaticInit(java.lang.Object, java.lang.Object, java.lang.Object, java.lang.Object)'> (0x00000000ebab8268) 
thrown [t:\workspace\open\src\hotspot\share\interpreter\linkResolver.cpp, line 766]
Event: 13.312 Thread 0x0000020e203a40a0 Exception <a 'java/lang/ClassNotFoundException'{0x00000000eae2a4d8}: groovy/lang/ExpandoMetaClassBeanInfo> (0x00000000eae2a4d8) 
thrown [t:\workspace\open\src\hotspot\share\classfile\systemDictionary.cpp, line 256]
Event: 13.313 Thread 0x0000020e203a40a0 Exception <a 'java/lang/ClassNotFoundException'{0x00000000eae423a8}: groovy/lang/MetaClassImplBeanInfo> (0x00000000eae423a8) 
thrown [t:\workspace\open\src\hotspot\share\classfile\systemDictionary.cpp, line 256]
Event: 13.314 Thread 0x0000020e203a40a0 Exception <a 'java/lang/ClassNotFoundException'{0x00000000eae47fb0}: java/lang/ObjectBeanInfo> (0x00000000eae47fb0) 
thrown [t:\workspace\open\src\hotspot\share\classfile\systemDictionary.cpp, line 256]
Event: 13.315 Thread 0x0000020e203a40a0 Exception <a 'java/lang/ClassNotFoundException'{0x00000000eae4edf0}: java/lang/ObjectCustomizer> (0x00000000eae4edf0) 
thrown [t:\workspace\open\src\hotspot\share\classfile\systemDictionary.cpp, line 256]
Event: 13.323 Thread 0x0000020e203a40a0 Exception <a 'java/lang/IncompatibleClassChangeError'{0x00000000eae5eb30}: Found class java.lang.Object, but interface was expected> (0x00000000eae5eb30) 
thrown [t:\workspace\open\src\hotspot\share\interpreter\linkResolver.cpp, line 833]
Event: 13.334 Thread 0x0000020e203a40a0 Exception <a 'java/lang/ClassNotFoundException'{0x00000000eae85a68}: groovy/lang/MetaClassImplCustomizer> (0x00000000eae85a68) 
thrown [t:\workspace\open\src\hotspot\share\classfile\systemDictionary.cpp, line 256]
Event: 13.353 Thread 0x0000020e203a40a0 Exception <a 'java/lang/ClassNotFoundException'{0x00000000eaebcfd8}: groovy/lang/ExpandoMetaClassCustomizer> (0x00000000eaebcfd8) 
thrown [t:\workspace\open\src\hotspot\share\classfile\systemDictionary.cpp, line 256]
Event: 13.852 Thread 0x0000020e203a40a0 Exception <a 'java/lang/ClassNotFoundException'{0x00000000e9783590}: groovy/lang/BindingBeanInfo> (0x00000000e9783590) 
thrown [t:\workspace\open\src\hotspot\share\classfile\systemDictionary.cpp, line 256]
Event: 13.853 Thread 0x0000020e203a40a0 Exception <a 'java/lang/ClassNotFoundException'{0x00000000e979b4b8}: groovy/lang/GroovyObjectSupportBeanInfo> (0x00000000e979b4b8) 
thrown [t:\workspace\open\src\hotspot\share\classfile\systemDictionary.cpp, line 256]
Event: 13.854 Thread 0x0000020e203a40a0 Exception <a 'java/lang/ClassNotFoundException'{0x00000000e97b3410}: groovy/lang/GroovyObjectSupportCustomizer> (0x00000000e97b3410) 
thrown [t:\workspace\open\src\hotspot\share\classfile\systemDictionary.cpp, line 256]
Event: 13.857 Thread 0x0000020e203a40a0 Exception <a 'java/lang/ClassNotFoundException'{0x00000000e97ce6f0}: groovy/lang/BindingCustomizer> (0x00000000e97ce6f0) 
thrown [t:\workspace\open\src\hotspot\share\classfile\systemDictionary.cpp, line 256]
Event: 13.966 Thread 0x0000020e203a40a0 Exception <a 'java/lang/ClassNotFoundException'{0x00000000e9514710}: ijIdeaPluginConfigurator1_cjwjedptnpwd4t93txw5b1dpnBeanInfo> (0x00000000e9514710) 
thrown [t:\workspace\open\src\hotspot\share\classfile\systemDictionary.cpp, line 256]
Event: 13.967 Thread 0x0000020e203a40a0 Exception <a 'java/lang/ClassNotFoundException'{0x00000000e951efc0}: org/gradle/initialization/InitScriptBeanInfo> (0x00000000e951efc0) 
thrown [t:\workspace\open\src\hotspot\share\classfile\systemDictionary.cpp, line 256]
Event: 13.974 Thread 0x0000020e203a40a0 Exception <a 'java/lang/ClassNotFoundException'{0x00000000e9529930}: org/gradle/groovy/scripts/DefaultScriptBeanInfo> (0x00000000e9529930) 
thrown [t:\workspace\open\src\hotspot\share\classfile\systemDictionary.cpp, line 256]
Event: 13.978 Thread 0x0000020e203a40a0 Exception <a 'java/lang/ClassNotFoundException'{0x00000000e9535210}: org/gradle/groovy/scripts/BasicScriptBeanInfo> (0x00000000e9535210) 
thrown [t:\workspace\open\src\hotspot\share\classfile\systemDictionary.cpp, line 256]
Event: 13.984 Thread 0x0000020e203a40a0 Exception <a 'java/lang/ClassNotFoundException'{0x00000000e9540a80}: org/gradle/groovy/scripts/ScriptBeanInfo> (0x00000000e9540a80) 
thrown [t:\workspace\open\src\hotspot\share\classfile\systemDictionary.cpp, line 256]
Event: 13.992 Thread 0x0000020e203a40a0 Exception <a 'java/lang/ClassNotFoundException'{0x00000000e9559ab0}: groovy/lang/ScriptBeanInfo> (0x00000000e9559ab0) 
thrown [t:\workspace\open\src\hotspot\share\classfile\systemDictionary.cpp, line 256]
Event: 13.993 Thread 0x0000020e203a40a0 Exception <a 'java/lang/ClassNotFoundException'{0x00000000e9572ad0}: groovy/lang/ScriptCustomizer> (0x00000000e9572ad0) 
thrown [t:\workspace\open\src\hotspot\share\classfile\systemDictionary.cpp, line 256]
Event: 13.996 Thread 0x0000020e203a40a0 Exception <a 'java/lang/ClassNotFoundException'{0x00000000e9586628}: org/gradle/groovy/scripts/ScriptCustomizer> (0x00000000e9586628) 
thrown [t:\workspace\open\src\hotspot\share\classfile\systemDictionary.cpp, line 256]

VM Operations (20 events):
Event: 12.825 Executing VM operation: HandshakeAllThreads
Event: 12.825 Executing VM operation: HandshakeAllThreads done
Event: 12.825 Executing VM operation: Cleanup
Event: 12.826 Executing VM operation: Cleanup done
Event: 13.159 Executing VM operation: HandshakeAllThreads
Event: 13.159 Executing VM operation: HandshakeAllThreads done
Event: 13.249 Executing VM operation: HandshakeAllThreads
Event: 13.249 Executing VM operation: HandshakeAllThreads done
Event: 13.494 Executing VM operation: HandshakeAllThreads
Event: 13.494 Executing VM operation: HandshakeAllThreads done
Event: 13.496 Executing VM operation: HandshakeAllThreads
Event: 13.496 Executing VM operation: HandshakeAllThreads done
Event: 13.508 Executing VM operation: HandshakeAllThreads
Event: 13.508 Executing VM operation: HandshakeAllThreads done
Event: 13.526 Executing VM operation: HandshakeAllThreads
Event: 13.526 Executing VM operation: HandshakeAllThreads done
Event: 13.710 Executing VM operation: HandshakeAllThreads
Event: 13.710 Executing VM operation: HandshakeAllThreads done
Event: 13.758 Executing VM operation: ICBufferFull
Event: 13.758 Executing VM operation: ICBufferFull done

Events (20 events):
Event: 13.708 loading class jdk/internal/jrtfs/SystemImage$1 done
Event: 13.709 loading class jdk/internal/jimage/ImageReader$SharedImageReader$LocationVisitor
Event: 13.709 loading class jdk/internal/jimage/ImageReader$SharedImageReader$LocationVisitor done
Event: 13.709 loading class java/nio/ByteBufferAsIntBufferL
Event: 13.710 loading class java/nio/ByteBufferAsIntBufferL done
Event: 13.712 loading class jdk/internal/jrtfs/JrtFileAttributes
Event: 13.712 loading class jdk/internal/jrtfs/JrtFileAttributes done
Event: 13.712 loading class jdk/internal/jrtfs/JrtDirectoryStream
Event: 13.712 loading class jdk/internal/jrtfs/JrtDirectoryStream done
Event: 13.713 loading class jdk/internal/jrtfs/JrtDirectoryStream$1
Event: 13.713 loading class jdk/internal/jrtfs/JrtDirectoryStream$1 done
Event: 13.714 loading class java/util/function/BooleanSupplier
Event: 13.714 loading class java/util/function/BooleanSupplier done
Event: 13.714 loading class jdk/internal/jimage/ImageReader$Resource
Event: 13.714 loading class jdk/internal/jimage/ImageReader$Resource done
Event: 13.774 Thread 0x0000020e22a18690 Thread added: 0x0000020e22a18690
Event: 13.845 loading class java/util/WeakHashMap$KeyIterator
Event: 13.845 loading class java/util/WeakHashMap$HashIterator
Event: 13.845 loading class java/util/WeakHashMap$HashIterator done
Event: 13.845 loading class java/util/WeakHashMap$KeyIterator done


Dynamic libraries:
0x00007ff66fc00000 - 0x00007ff66fc0e000 	C:\Program Files\java\jdk-17\bin\java.exe
0x00007ffdfdc90000 - 0x00007ffdfdea7000 	C:\WINDOWS\SYSTEM32\ntdll.dll
0x00007ffdfd2a0000 - 0x00007ffdfd364000 	C:\WINDOWS\System32\KERNEL32.DLL
0x00007ffdfb580000 - 0x00007ffdfb951000 	C:\WINDOWS\System32\KERNELBASE.dll
0x00007ffdfb460000 - 0x00007ffdfb571000 	C:\WINDOWS\System32\ucrtbase.dll
0x00007ffde8270000 - 0x00007ffde828a000 	C:\Program Files\java\jdk-17\bin\VCRUNTIME140.dll
0x00007ffde6450000 - 0x00007ffde6468000 	C:\Program Files\java\jdk-17\bin\jli.dll
0x00007ffdfd370000 - 0x00007ffdfd521000 	C:\WINDOWS\System32\USER32.dll
0x00007ffdfb240000 - 0x00007ffdfb266000 	C:\WINDOWS\System32\win32u.dll
0x00007ffdfbe00000 - 0x00007ffdfbe29000 	C:\WINDOWS\System32\GDI32.dll
0x00007ffdfafd0000 - 0x00007ffdfb0eb000 	C:\WINDOWS\System32\gdi32full.dll
0x00007ffdfb170000 - 0x00007ffdfb20a000 	C:\WINDOWS\System32\msvcp_win.dll
0x00007ffddf4a0000 - 0x00007ffddf732000 	C:\WINDOWS\WinSxS\amd64_microsoft.windows.common-controls_6595b64144ccf1df_6.0.22621.4830_none_270fe7d773858e80\COMCTL32.dll
0x00007ffdfcfe0000 - 0x00007ffdfd087000 	C:\WINDOWS\System32\msvcrt.dll
0x00007ffdfd600000 - 0x00007ffdfd631000 	C:\WINDOWS\System32\IMM32.DLL
0x00007ffdf6b00000 - 0x00007ffdf6b0c000 	C:\Program Files\java\jdk-17\bin\vcruntime140_1.dll
0x00007ffdc2d80000 - 0x00007ffdc2e0d000 	C:\Program Files\java\jdk-17\bin\msvcp140.dll
0x00007ffd9c1b0000 - 0x00007ffd9cd71000 	C:\Program Files\java\jdk-17\bin\server\jvm.dll
0x00007ffdfd090000 - 0x00007ffdfd141000 	C:\WINDOWS\System32\ADVAPI32.dll
0x00007ffdfbe30000 - 0x00007ffdfbed7000 	C:\WINDOWS\System32\sechost.dll
0x00007ffdfb210000 - 0x00007ffdfb238000 	C:\WINDOWS\System32\bcrypt.dll
0x00007ffdfc2f0000 - 0x00007ffdfc404000 	C:\WINDOWS\System32\RPCRT4.dll
0x00007ffdfd5a0000 - 0x00007ffdfd5a8000 	C:\WINDOWS\System32\PSAPI.DLL
0x00007ffde51a0000 - 0x00007ffde51a9000 	C:\WINDOWS\SYSTEM32\WSOCK32.dll
0x00007ffdfcd50000 - 0x00007ffdfcdc1000 	C:\WINDOWS\System32\WS2_32.dll
0x00007ffdf6d10000 - 0x00007ffdf6d44000 	C:\WINDOWS\SYSTEM32\WINMM.dll
0x00007ffdf2d70000 - 0x00007ffdf2d7a000 	C:\WINDOWS\SYSTEM32\VERSION.dll
0x00007ffdf9de0000 - 0x00007ffdf9df8000 	C:\WINDOWS\SYSTEM32\kernel.appcore.dll
0x00007ffde88c0000 - 0x00007ffde88ca000 	C:\Program Files\java\jdk-17\bin\jimage.dll
0x00007ffdf85f0000 - 0x00007ffdf8822000 	C:\WINDOWS\SYSTEM32\DBGHELP.DLL
0x00007ffdfbf60000 - 0x00007ffdfc2f0000 	C:\WINDOWS\System32\combase.dll
0x00007ffdfd150000 - 0x00007ffdfd227000 	C:\WINDOWS\System32\OLEAUT32.dll
0x00007ffde7ba0000 - 0x00007ffde7bd2000 	C:\WINDOWS\SYSTEM32\dbgcore.DLL
0x00007ffdfb3e0000 - 0x00007ffdfb45b000 	C:\WINDOWS\System32\bcryptPrimitives.dll
0x00007ffde8260000 - 0x00007ffde826e000 	C:\Program Files\java\jdk-17\bin\instrument.dll
0x00007ffde3770000 - 0x00007ffde3795000 	C:\Program Files\java\jdk-17\bin\java.dll
0x00007ffdb6ce0000 - 0x00007ffdb6db6000 	C:\Program Files\java\jdk-17\bin\jsvml.dll
0x00007ffdfc4c0000 - 0x00007ffdfcd48000 	C:\WINDOWS\System32\SHELL32.dll
0x00007ffdfae90000 - 0x00007ffdfafcf000 	C:\WINDOWS\System32\wintypes.dll
0x00007ffdf8ce0000 - 0x00007ffdf95ed000 	C:\WINDOWS\SYSTEM32\windows.storage.dll
0x00007ffdfd7b0000 - 0x00007ffdfd8ba000 	C:\WINDOWS\System32\SHCORE.dll
0x00007ffdfd540000 - 0x00007ffdfd59e000 	C:\WINDOWS\System32\shlwapi.dll
0x00007ffdfad00000 - 0x00007ffdfad2b000 	C:\WINDOWS\SYSTEM32\profapi.dll
0x00007ffde82a0000 - 0x00007ffde82b8000 	C:\Program Files\java\jdk-17\bin\zip.dll
0x00007ffde7d60000 - 0x00007ffde7d79000 	C:\Program Files\java\jdk-17\bin\net.dll
0x00007ffdf6550000 - 0x00007ffdf667c000 	C:\WINDOWS\SYSTEM32\WINHTTP.dll
0x00007ffdfa240000 - 0x00007ffdfa2aa000 	C:\WINDOWS\system32\mswsock.dll
0x00007ffdf6240000 - 0x00007ffdf6256000 	C:\Program Files\java\jdk-17\bin\nio.dll
0x00007ffdf6b20000 - 0x00007ffdf6b30000 	C:\Program Files\java\jdk-17\bin\verify.dll
0x00007ffde8360000 - 0x00007ffde8387000 	C:\Users\Admin\.gradle\native\c067742578af261105cb4f569cf0c3c89f3d7b1fecec35dd04571415982c5e48\windows-amd64\native-platform.dll
0x00007ffdb3960000 - 0x00007ffdb3aa4000 	C:\Users\Admin\.gradle\native\38dada09dfb8b06ba9b0570ebf7e218e3eb74d4ef43ca46872605cf95ebc2f47\windows-amd64\native-platform-file-events.dll
0x00007ffde8290000 - 0x00007ffde8299000 	C:\Program Files\java\jdk-17\bin\management.dll
0x00007ffde7a80000 - 0x00007ffde7a8b000 	C:\Program Files\java\jdk-17\bin\management_ext.dll
0x00007ffdfa680000 - 0x00007ffdfa69b000 	C:\WINDOWS\SYSTEM32\CRYPTSP.dll
0x00007ffdf9d40000 - 0x00007ffdf9d77000 	C:\WINDOWS\system32\rsaenh.dll
0x00007ffdfa2e0000 - 0x00007ffdfa308000 	C:\WINDOWS\SYSTEM32\USERENV.dll
0x00007ffdfa660000 - 0x00007ffdfa66c000 	C:\WINDOWS\SYSTEM32\CRYPTBASE.dll
0x00007ffdf9850000 - 0x00007ffdf987d000 	C:\WINDOWS\SYSTEM32\IPHLPAPI.DLL
0x00007ffdfd530000 - 0x00007ffdfd539000 	C:\WINDOWS\System32\NSI.dll
0x00007ffdf6770000 - 0x00007ffdf6789000 	C:\WINDOWS\SYSTEM32\dhcpcsvc6.DLL
0x00007ffdf6460000 - 0x00007ffdf647f000 	C:\WINDOWS\SYSTEM32\dhcpcsvc.DLL
0x00007ffdf98c0000 - 0x00007ffdf99c2000 	C:\WINDOWS\SYSTEM32\DNSAPI.dll
0x00007ffde6d50000 - 0x00007ffde6d5e000 	C:\Program Files\java\jdk-17\bin\sunmscapi.dll
0x00007ffdfb270000 - 0x00007ffdfb3d6000 	C:\WINDOWS\System32\CRYPT32.dll
0x00007ffdfa770000 - 0x00007ffdfa79d000 	C:\WINDOWS\SYSTEM32\ncrypt.dll
0x00007ffdfa730000 - 0x00007ffdfa767000 	C:\WINDOWS\SYSTEM32\NTASN1.dll
0x00007ffde08c0000 - 0x00007ffde08c8000 	C:\WINDOWS\system32\wshunix.dll

dbghelp: loaded successfully - version: 4.0.5 - missing functions: none
symbol engine: initialized successfully - sym options: 0x614 - pdb path: .;C:\Program Files\java\jdk-17\bin;C:\WINDOWS\SYSTEM32;C:\WINDOWS\WinSxS\amd64_microsoft.windows.common-controls_6595b64144ccf1df_6.0.22621.4830_none_270fe7d773858e80;C:\Program Files\java\jdk-17\bin\server;C:\Users\Admin\.gradle\native\c067742578af261105cb4f569cf0c3c89f3d7b1fecec35dd04571415982c5e48\windows-amd64;C:\Users\Admin\.gradle\native\38dada09dfb8b06ba9b0570ebf7e218e3eb74d4ef43ca46872605cf95ebc2f47\windows-amd64

VM Arguments:
jvm_args: --add-opens=java.base/java.util=ALL-UNNAMED --add-opens=java.base/java.lang=ALL-UNNAMED --add-opens=java.base/java.lang.invoke=ALL-UNNAMED --add-opens=java.prefs/java.util.prefs=ALL-UNNAMED --add-opens=java.base/java.nio.charset=ALL-UNNAMED --add-opens=java.base/java.net=ALL-UNNAMED --add-opens=java.base/java.util.concurrent.atomic=ALL-UNNAMED -XX:MaxMetaspaceSize=384m -XX:+HeapDumpOnOutOfMemoryError -Xms256m -Xmx512m -Dfile.encoding=windows-1252 -Duser.country=CO -Duser.language=es -Duser.variant -javaagent:C:\Users\Admin\.gradle\wrapper\dists\gradle-8.7-bin\bhs2wmbdwecv87pi65oeuq5iu\gradle-8.7\lib\agents\gradle-instrumentation-agent-8.7.jar 
java_command: org.gradle.launcher.daemon.bootstrap.GradleDaemon 8.7
java_class_path (initial): C:\Users\Admin\.gradle\wrapper\dists\gradle-8.7-bin\bhs2wmbdwecv87pi65oeuq5iu\gradle-8.7\lib\gradle-launcher-8.7.jar
Launcher Type: SUN_STANDARD

[Global flags]
     intx CICompilerCount                          = 4                                         {product} {ergonomic}
   size_t CompressedClassSpaceSize                 = 322961408                                 {product} {ergonomic}
     uint ConcGCThreads                            = 2                                         {product} {ergonomic}
     uint G1ConcRefinementThreads                  = 8                                         {product} {ergonomic}
   size_t G1HeapRegionSize                         = 1048576                                   {product} {ergonomic}
    uintx GCDrainStackTargetSize                   = 64                                        {product} {ergonomic}
     bool HeapDumpOnOutOfMemoryError               = true                                   {manageable} {command line}
   size_t InitialHeapSize                          = 268435456                                 {product} {command line}
   size_t MarkStackSize                            = 4194304                                   {product} {ergonomic}
   size_t MaxHeapSize                              = 536870912                                 {product} {command line}
   size_t MaxMetaspaceSize                         = 402653184                                 {product} {command line}
   size_t MaxNewSize                               = 321912832                                 {product} {ergonomic}
   size_t MinHeapDeltaBytes                        = 1048576                                   {product} {ergonomic}
   size_t MinHeapSize                              = 268435456                                 {product} {command line}
    uintx NonNMethodCodeHeapSize                   = 5839372                                {pd product} {ergonomic}
    uintx NonProfiledCodeHeapSize                  = 122909434                              {pd product} {ergonomic}
    uintx ProfiledCodeHeapSize                     = 122909434                              {pd product} {ergonomic}
    uintx ReservedCodeCacheSize                    = 251658240                              {pd product} {ergonomic}
     bool SegmentedCodeCache                       = true                                      {product} {ergonomic}
   size_t SoftMaxHeapSize                          = 536870912                              {manageable} {ergonomic}
     bool UseCompressedClassPointers               = true                           {product lp64_product} {ergonomic}
     bool UseCompressedOops                        = true                           {product lp64_product} {ergonomic}
     bool UseG1GC                                  = true                                      {product} {ergonomic}
     bool UseLargePagesIndividualAllocation        = false                                  {pd product} {ergonomic}

Logging:
Log output configuration:
 #0: stdout all=warning uptime,level,tags
 #1: stderr all=off uptime,level,tags

Environment Variables:
JAVA_HOME=C:\Program Files\java\jdk-17
PATH=C:\Python312\Scripts\;C:\Python312\;C:\Program Files\Common Files\Oracle\Java\javapath;C:\Program Files (x86)\Common Files\Oracle\Java\java8path;C:\Program Files (x86)\Common Files\Oracle\Java\javapath;C:\Program Files\java\jdk-17\bin;C:\Python310\Scripts\;C:\Python310\;C:\Program Files\Microsoft\jdk-11.0.18.10-hotspot\bin;C:\Windows\system32;C:\Windows;C:\Windows\System32\Wbem;C:\Windows\System32\WindowsPowerShell\v1.0\;C:\Windows\System32\OpenSSH\;C:\Program Files\dotnet\;C:\gradle\gradle-8.12\bin;C:\ProgramData\chocolatey\bin;C:\Program Files\Maven\apache-maven-3.8.6\bin;C:\Users\Admin\AppData\Roaming\nvm;C:\Program Files\nodejs;C:\Kubectl;C:\Users\Admin\AppData\Local\Android\Sdk\platform-tools;C:\Users\Admin\AppData\Local\Microsoft\WindowsApps;C:\Program Files\JetBrains\IntelliJ IDEA Community Edition 2022.2.2\bin;C:\Users\Admin\AppData\Local\Programs\Micros;C:\Program Files\NVIDIA Corporation\NVIDIA NvDLISR;C:\Program Files (x86)\NVIDIA Corporation\PhysX\Common;C:\Program Files\Cloudflare\Cloudflare WARP\;C:\WINDOWS\system32;C:\WINDOWS;C:\WINDOWS\System32\Wbem;C:\WINDOWS\System32\WindowsPowerShell\v1.0\;C:\WINDOWS\System32\OpenSSH\;C:\Program Files\Git\cmd;C:\Program Files\nodejs\;C:\Program Files\Amazon\AWSCLIV2\;C:\Program Files\Docker\Docker\resources\bin;C:\Users\Admin\AppData\Local\Programs\Python\Launcher\;C:\Users\Admin\AppData\Local\Microsoft\WindowsApps;C:\Program Files\JetBrains\IntelliJ IDEA Community Edition 2022.2.2\bin;;C:\Users\Admin\AppData\Local\Programs\Microsoft VS Code\bin;C:\Users\Admin\AppData\Roaming\nvm;C:\Program Files\nodejs;C:\Users\Admin\AppData\Roaming\npm
USERNAME=Admin
OS=Windows_NT
PROCESSOR_IDENTIFIER=Intel64 Family 6 Model 126 Stepping 5, GenuineIntel



---------------  S Y S T E M  ---------------

OS:
 Windows 11 , 64 bit Build 22621 (10.0.22621.4974)
OS uptime: 8 days 21:08 hours
Hyper-V role detected

CPU: total 8 (initial active 8) (4 cores per cpu, 2 threads per core) family 6 model 126 stepping 5 microcode 0xc2, cx8, cmov, fxsr, ht, mmx, 3dnowpref, sse, sse2, sse3, ssse3, sse4.1, sse4.2, popcnt, lzcnt, tsc, tscinvbit, avx, avx2, aes, erms, clmul, bmi1, bmi2, adx, avx512f, avx512dq, avx512cd, avx512bw, avx512vl, sha, fma, vzeroupper, avx512_vpopcntdq, avx512_vpclmulqdq, avx512_vaes, avx512_vnni, clflush, clflushopt, avx512_vbmi2, avx512_vbmi, hv

Memory: 4k page, system-wide physical 24343M (4189M free)
TotalPageFile size 24343M (AvailPageFile size 5M)
current process WorkingSet (physical memory assigned to process): 296M, peak: 296M
current process commit charge ("private bytes"): 450M, peak: 452M

vm_info: OpenJDK 64-Bit Server VM (17.0.2+8-86) for windows-amd64 JRE (17.0.2+8-86), built on Dec  7 2021 21:49:10 by "mach5one" with MS VC++ 16.8 / 16.9 (VS2019)

END.
